Log file open, 08/31/22 14:54:29
LogWindows: Failed to load 'aqProf.dll' (GetLastError=126)
LogWindows: File 'aqProf.dll' does not exist
LogWindows: Failed to load 'VtuneApi.dll' (GetLastError=126)
LogWindows: File 'VtuneApi.dll' does not exist
LogWindows: Failed to load 'VtuneApi32e.dll' (GetLastError=126)
LogWindows: File 'VtuneApi32e.dll' does not exist
LogConsoleResponse: Display: Failed to find resolution value strings in scalability ini. Falling back to default.
LogConsoleResponse: Display: Failed to find resolution value strings in scalability ini. Falling back to default.
LogInit: Display: Running engine for game: ProjetIsland
LogPlatformFile: Not using cached read wrapper
LogTaskGraph: Started task graph with 5 named threads and 35 total threads with 3 sets of task threads.
LogStats: Stats thread started at 0.259321
LogICUInternationalization: ICU TimeZone Detection - Raw Offset: +1:00, Platform Override: ''
LogInit: Display: Loading text-based GConfig....
LogPluginManager: Mounting plugin MeshPainting
LogPluginManager: Mounting plugin XGEController
LogPluginManager: Mounting plugin Paper2D
LogPluginManager: Mounting plugin LiveLink
LogPluginManager: Mounting plugin EnvironmentQueryEditor
LogPluginManager: Mounting plugin AISupport
LogPluginManager: Mounting plugin LightPropagationVolume
LogPluginManager: Mounting plugin GameplayCameras
LogPluginManager: Mounting plugin AnimationSharing
LogPluginManager: Mounting plugin CodeLiteSourceCodeAccess
LogPluginManager: Mounting plugin CLionSourceCodeAccess
LogPluginManager: Mounting plugin GitSourceControl
LogPluginManager: Mounting plugin NullSourceCodeAccess
LogPluginManager: Mounting plugin KDevelopSourceCodeAccess
LogPluginManager: Mounting plugin PerforceSourceControl
LogPluginManager: Mounting plugin PlasticSourceControl
LogPluginManager: Mounting plugin PixWinPlugin
LogPluginManager: Mounting plugin PropertyAccessNode
LogPluginManager: Mounting plugin PluginUtils
LogPluginManager: Mounting plugin RiderSourceCodeAccess
LogPluginManager: Mounting plugin SubversionSourceControl
LogPluginManager: Mounting plugin TextureFormatOodle
LogPluginManager: Mounting plugin UObjectPlugin
LogPluginManager: Mounting plugin VisualStudioCodeSourceCodeAccess
LogPluginManager: Mounting plugin XCodeSourceCodeAccess
LogPluginManager: Mounting plugin VisualStudioSourceCodeAccess
LogPluginManager: Mounting plugin AssetManagerEditor
LogPluginManager: Mounting plugin CameraShakePreviewer
LogPluginManager: Mounting plugin Niagara
LogPluginManager: Mounting plugin DatasmithContent
LogPluginManager: Mounting plugin VariantManagerContent
LogPluginManager: Mounting plugin AndroidMedia
LogPluginManager: Mounting plugin AvfMedia
LogPluginManager: Mounting plugin ImgMedia
LogPluginManager: Mounting plugin MediaPlayerEditor
LogPluginManager: Mounting plugin WebMMedia
LogPluginManager: Mounting plugin WmfMedia
LogPluginManager: Mounting plugin TcpMessaging
LogPluginManager: Mounting plugin UdpMessaging
LogPluginManager: Mounting plugin ActorSequence
LogPluginManager: Mounting plugin LevelSequenceEditor
LogPluginManager: Mounting plugin MatineeToLevelSequence
LogPluginManager: Mounting plugin OnlineSubsystem
LogPluginManager: Mounting plugin OnlineSubsystemNull
LogPluginManager: Mounting plugin OnlineSubsystemUtils
LogPluginManager: Mounting plugin LauncherChunkInstaller
LogPluginManager: Mounting plugin ActorLayerUtilities
LogPluginManager: Mounting plugin TemplateSequence
LogPluginManager: Mounting plugin MediaCompositing
LogPluginManager: Mounting plugin AndroidDeviceProfileSelector
LogPluginManager: Mounting plugin AndroidMoviePlayer
LogPluginManager: Mounting plugin AndroidPermission
LogPluginManager: Mounting plugin AppleImageUtils
LogPluginManager: Mounting plugin AssetTags
LogPluginManager: Mounting plugin ArchVisCharacter
LogPluginManager: Mounting plugin AudioCapture
LogPluginManager: Mounting plugin AudioSynesthesia
LogPluginManager: Mounting plugin AppleMoviePlayer
LogPluginManager: Mounting plugin CableComponent
LogPluginManager: Mounting plugin ChunkDownloader
LogPluginManager: Mounting plugin CustomMeshComponent
LogPluginManager: Mounting plugin EditableMesh
LogPluginManager: Mounting plugin ExampleDeviceProfileSelector
LogPluginManager: Mounting plugin GoogleCloudMessaging
LogPluginManager: Mounting plugin IOSDeviceProfileSelector
LogPluginManager: Mounting plugin GooglePAD
LogPluginManager: Mounting plugin LinuxDeviceProfileSelector
LogPluginManager: Mounting plugin LocationServicesBPLibrary
LogPluginManager: Mounting plugin MobilePatchingUtils
LogPluginManager: Mounting plugin OpenXR
LogPluginManager: Mounting plugin OpenXREyeTracker
LogPluginManager: Mounting plugin PhysXVehicles
LogPluginManager: Mounting plugin OpenXRHandTracking
LogPluginManager: Mounting plugin PostSplashScreen
LogPluginManager: Mounting plugin ProceduralMeshComponent
LogPluginManager: Mounting plugin PropertyAccessEditor
LogPluginManager: Mounting plugin SignificanceManager
LogPluginManager: Mounting plugin SoundFields
LogPluginManager: Mounting plugin Synthesis
LogPluginManager: Mounting plugin WebMMoviePlayer
LogPluginManager: Mounting plugin RuntimePhysXCooking
LogPluginManager: Mounting plugin WindowsMoviePlayer
LogPluginManager: Mounting plugin ScreenshotTools
LogPluginManager: Mounting plugin Takes
LogPluginManager: Mounting plugin OodleData
LogPluginManager: Mounting plugin OodleNetwork
LogPluginManager: Mounting plugin LuminPlatformFeatures
LogPluginManager: Mounting plugin MagicLeap
LogPluginManager: Mounting plugin MagicLeapMedia
LogPluginManager: Mounting plugin MagicLeapLightEstimation
LogPluginManager: Mounting plugin MagicLeapPassableWorld
LogPluginManager: Mounting plugin MLSDK
LogPluginManager: Mounting plugin CryptoKeys
LogPluginManager: Mounting plugin CurveEditorTools
LogPluginManager: Mounting plugin DataValidation
LogPluginManager: Mounting plugin FacialAnimation
LogPluginManager: Mounting plugin GameplayTagsEditor
LogPluginManager: Mounting plugin GeometryMode
LogPluginManager: Mounting plugin MacGraphicsSwitching
LogPluginManager: Mounting plugin MaterialAnalyzer
LogPluginManager: Mounting plugin MobileLauncherProfileWizard
LogPluginManager: Mounting plugin SpeedTreeImporter
LogPluginManager: Mounting plugin AlembicImporter
LogPluginManager: Mounting plugin PluginBrowser
LogPluginManager: Mounting plugin AutomationUtils
LogPluginManager: Mounting plugin BackChannel
LogPluginManager: Mounting plugin ChaosCloth
LogPluginManager: Mounting plugin ChaosEditor
LogPluginManager: Mounting plugin ChaosClothEditor
LogPluginManager: Mounting plugin ChaosSolverPlugin
LogPluginManager: Mounting plugin CharacterAI
LogPluginManager: Mounting plugin ChaosNiagara
LogPluginManager: Mounting plugin GeometryCache
LogPluginManager: Mounting plugin GeometryProcessing
LogPluginManager: Mounting plugin GeometryCollectionPlugin
LogPluginManager: Mounting plugin OpenImageDenoise
LogPluginManager: Mounting plugin MotoSynth
LogPluginManager: Mounting plugin PlatformCrypto
LogPluginManager: Mounting plugin PlanarCut
LogPluginManager: Mounting plugin ProxyLODPlugin
LogPluginManager: Mounting plugin PythonScriptPlugin
LogPluginManager: Mounting plugin SkeletalReduction
LogPluginManager: Mounting plugin OnlineSubsystemGooglePlay
LogPluginManager: Mounting plugin OnlineSubsystemIOS
LogPluginManager: Mounting plugin OculusVR
LogPluginManager: Mounting plugin SteamVR
LogPluginManager: Mounting plugin ContentBrowserAssetDataSource
LogPluginManager: Mounting plugin ContentBrowserFileDataSource
LogPluginManager: Mounting plugin ContentBrowserClassDataSource
PixWinPlugin: PIX capture plugin failed to initialize! Check that the process is launched from PIX.
LogInit: Using libcurl 7.55.1-DEV
LogInit:  - built for x86_64-pc-win32
LogInit:  - supports SSL with OpenSSL/1.1.1
LogInit:  - supports HTTP deflate (compression) using libz 1.2.8
LogInit:  - other features:
LogInit:      CURL_VERSION_SSL
LogInit:      CURL_VERSION_LIBZ
LogInit:      CURL_VERSION_IPV6
LogInit:      CURL_VERSION_ASYNCHDNS
LogInit:      CURL_VERSION_LARGEFILE
LogInit:      CURL_VERSION_IDN
LogInit:  CurlRequestOptions (configurable via config and command line):
LogInit:  - bVerifyPeer = true  - Libcurl will verify peer certificate
LogInit:  - bUseHttpProxy = false  - Libcurl will NOT use HTTP proxy
LogInit:  - bDontReuseConnections = false  - Libcurl will reuse connections
LogInit:  - MaxHostConnections = 16  - Libcurl will limit the number of connections to a host
LogInit:  - LocalHostAddr = Default
LogInit:  - BufferSize = 65536
LogOnline: OSS: Creating online subsystem instance for: NULL
LogInit: WinSock: version 1.1 (2.2), MaxSocks=32767, MaxUdp=65467
LogOnline: OSS: TryLoadSubsystemAndSetDefault: Loaded subsystem for module [NULL]
LogLuminAPIImpl: Warning: MLSDK not found.  This likely means the MLSDK environment variable is not set.
LogOculusPluginWrapper: OculusPlugin initialized successfully
LogHMD: Failed initializing OVRPlugin 1.59.0
LogInit: Build: ++UE4+Release-4.27-CL-18319896
LogInit: Engine Version: 4.27.2-18319896+++UE4+Release-4.27
LogInit: Compatible Engine Version: 4.27.0-17155196+++UE4+Release-4.27
LogInit: Net CL: 17155196
LogInit: OS: Windows 10 (Release 2009) (), CPU: AMD Ryzen 5 2600 Six-Core Processor            , GPU: NVIDIA GeForce RTX 3070
LogInit: Compiled (64-bit): Nov 30 2021 07:12:08
LogInit: Compiled with Visual C++: 19.24.28315.00
LogInit: Build Configuration: Development
LogInit: Branch Name: ++UE4+Release-4.27
LogInit: Command Line:  -EpicPortal -epicusername=PuDiick -epicuserid=003fd2c4c04e461081480279e72c3101 -epiclocale=fr -epicsandboxid=ue
LogInit: Base Directory: F:/Programmes (x86)/UE_4.27/Engine/Binaries/Win64/
LogInit: Allocator: TBB
LogInit: Installed Engine Build: 1
LogDevObjectVersion: Number of dev versions registered: 29
LogDevObjectVersion:   Dev-Blueprints (B0D832E4-1F89-4F0D-ACCF-7EB736FD4AA2): 10
LogDevObjectVersion:   Dev-Build (E1C64328-A22C-4D53-A36C-8E866417BD8C): 0
LogDevObjectVersion:   Dev-Core (375EC13C-06E4-48FB-B500-84F0262A717E): 4
LogDevObjectVersion:   Dev-Editor (E4B068ED-F494-42E9-A231-DA0B2E46BB41): 40
LogDevObjectVersion:   Dev-Framework (CFFC743F-43B0-4480-9391-14DF171D2073): 37
LogDevObjectVersion:   Dev-Mobile (B02B49B5-BB20-44E9-A304-32B752E40360): 3
LogDevObjectVersion:   Dev-Networking (A4E4105C-59A1-49B5-A7C5-40C4547EDFEE): 0
LogDevObjectVersion:   Dev-Online (39C831C9-5AE6-47DC-9A44-9C173E1C8E7C): 0
LogDevObjectVersion:   Dev-Physics (78F01B33-EBEA-4F98-B9B4-84EACCB95AA2): 14
LogDevObjectVersion:   Dev-Platform (6631380F-2D4D-43E0-8009-CF276956A95A): 0
LogDevObjectVersion:   Dev-Rendering (12F88B9F-8875-4AFC-A67C-D90C383ABD29): 45
LogDevObjectVersion:   Dev-Sequencer (7B5AE74C-D270-4C10-A958-57980B212A5A): 13
LogDevObjectVersion:   Dev-VR (D7296918-1DD6-4BDD-9DE2-64A83CC13884): 3
LogDevObjectVersion:   Dev-LoadTimes (C2A15278-BFE7-4AFE-6C17-90FF531DF755): 1
LogDevObjectVersion:   Private-Geometry (6EACA3D4-40EC-4CC1-B786-8BED09428FC5): 3
LogDevObjectVersion:   Dev-AnimPhys (29E575DD-E0A3-4627-9D10-D276232CDCEA): 17
LogDevObjectVersion:   Dev-Anim (AF43A65D-7FD3-4947-9873-3E8ED9C1BB05): 15
LogDevObjectVersion:   Dev-ReflectionCapture (6B266CEC-1EC7-4B8F-A30B-E4D90942FC07): 1
LogDevObjectVersion:   Dev-Automation (0DF73D61-A23F-47EA-B727-89E90C41499A): 1
LogDevObjectVersion:   FortniteMain (601D1886-AC64-4F84-AA16-D3DE0DEAC7D6): 47
LogDevObjectVersion:   FortniteRelease (E7086368-6B23-4C58-8439-1B7016265E91): 1
LogDevObjectVersion:   Dev-Enterprise (9DFFBCD6-494F-0158-E221-12823C92A888): 10
LogDevObjectVersion:   Dev-Niagara (F2AED0AC-9AFE-416F-8664-AA7FFA26D6FC): 1
LogDevObjectVersion:   Dev-Destruction (174F1F0B-B4C6-45A5-B13F-2EE8D0FB917D): 10
LogDevObjectVersion:   Dev-Physics-Ext (35F94A83-E258-406C-A318-09F59610247C): 41
LogDevObjectVersion:   Dev-PhysicsMaterial-Chaos (B68FC16E-8B1B-42E2-B453-215C058844FE): 1
LogDevObjectVersion:   Dev-CineCamera (B2E18506-4273-CFC2-A54E-F4BB758BBA07): 1
LogDevObjectVersion:   Dev-VirtualProduction (64F58936-FD1B-42BA-BA96-7289D5D0FA4E): 1
LogDevObjectVersion:   Dev-MediaFramework (6F0ED827-A609-4895-9C91-998D90180EA4): 2
LogInit: Presizing for max 25165824 objects, including 0 objects not considered by GC, pre-allocating 0 bytes for permanent pool.
LogConfig: Applying CVar settings from Section [/Script/Engine.StreamingSettings] File [C:/Users/reyba/Documents/GitHub/ProjetIsland/Unreal/ProjetIsland/Saved/Config/Windows/Engine.ini]
LogConfig: Setting CVar [[s.MinBulkDataSizeForAsyncLoading:131072]]
LogConfig: Setting CVar [[s.AsyncLoadingThreadEnabled:0]]
LogConfig: Setting CVar [[s.EventDrivenLoaderEnabled:1]]
LogConfig: Setting CVar [[s.WarnIfTimeLimitExceeded:0]]
LogConfig: Setting CVar [[s.TimeLimitExceededMultiplier:1.5]]
LogConfig: Setting CVar [[s.TimeLimitExceededMinTime:0.005]]
LogConfig: Setting CVar [[s.UseBackgroundLevelStreaming:1]]
LogConfig: Setting CVar [[s.PriorityAsyncLoadingExtraTime:15.0]]
LogConfig: Setting CVar [[s.LevelStreamingActorsUpdateTimeLimit:5.0]]
LogConfig: Setting CVar [[s.PriorityLevelStreamingActorsUpdateExtraTime:5.0]]
LogConfig: Setting CVar [[s.LevelStreamingComponentsRegistrationGranularity:10]]
LogConfig: Setting CVar [[s.UnregisterComponentsTimeLimit:1.0]]
LogConfig: Setting CVar [[s.LevelStreamingComponentsUnregistrationGranularity:5]]
LogConfig: Setting CVar [[s.FlushStreamingOnExit:1]]
LogInit: Object subsystem initialized
LogConfig: Setting CVar [[con.DebugEarlyDefault:1]]
LogConfig: Setting CVar [[r.setres:1280x720]]
[2022.08.31-12.54.29:915][  0]LogConfig: Setting CVar [[r.VSync:0]]
[2022.08.31-12.54.29:915][  0]LogConfig: Setting CVar [[r.RHICmdBypass:0]]
[2022.08.31-12.54.29:915][  0]LogConfig: Applying CVar settings from Section [/Script/Engine.RendererSettings] File [C:/Users/reyba/Documents/GitHub/ProjetIsland/Unreal/ProjetIsland/Saved/Config/Windows/Engine.ini]
[2022.08.31-12.54.29:915][  0]LogConfig: Setting CVar [[r.GPUCrashDebugging:0]]
[2022.08.31-12.54.29:915][  0]LogConfig: Applying CVar settings from Section [/Script/Engine.RendererOverrideSettings] File [C:/Users/reyba/Documents/GitHub/ProjetIsland/Unreal/ProjetIsland/Saved/Config/Windows/Engine.ini]
[2022.08.31-12.54.29:915][  0]LogConfig: Applying CVar settings from Section [/Script/Engine.StreamingSettings] File [C:/Users/reyba/Documents/GitHub/ProjetIsland/Unreal/ProjetIsland/Saved/Config/Windows/Engine.ini]
[2022.08.31-12.54.29:915][  0]LogConfig: Setting CVar [[s.MinBulkDataSizeForAsyncLoading:131072]]
[2022.08.31-12.54.29:915][  0]LogConfig: Setting CVar [[s.AsyncLoadingThreadEnabled:0]]
[2022.08.31-12.54.29:915][  0]LogConfig: Setting CVar [[s.EventDrivenLoaderEnabled:1]]
[2022.08.31-12.54.29:915][  0]LogConfig: Setting CVar [[s.WarnIfTimeLimitExceeded:0]]
[2022.08.31-12.54.29:915][  0]LogConfig: Setting CVar [[s.TimeLimitExceededMultiplier:1.5]]
[2022.08.31-12.54.29:915][  0]LogConfig: Setting CVar [[s.TimeLimitExceededMinTime:0.005]]
[2022.08.31-12.54.29:915][  0]LogConfig: Setting CVar [[s.UseBackgroundLevelStreaming:1]]
[2022.08.31-12.54.29:915][  0]LogConfig: Setting CVar [[s.PriorityAsyncLoadingExtraTime:15.0]]
[2022.08.31-12.54.29:915][  0]LogConfig: Setting CVar [[s.LevelStreamingActorsUpdateTimeLimit:5.0]]
[2022.08.31-12.54.29:915][  0]LogConfig: Setting CVar [[s.PriorityLevelStreamingActorsUpdateExtraTime:5.0]]
[2022.08.31-12.54.29:915][  0]LogConfig: Setting CVar [[s.LevelStreamingComponentsRegistrationGranularity:10]]
[2022.08.31-12.54.29:915][  0]LogConfig: Setting CVar [[s.UnregisterComponentsTimeLimit:1.0]]
[2022.08.31-12.54.29:915][  0]LogConfig: Setting CVar [[s.LevelStreamingComponentsUnregistrationGranularity:5]]
[2022.08.31-12.54.29:915][  0]LogConfig: Setting CVar [[s.FlushStreamingOnExit:1]]
[2022.08.31-12.54.29:915][  0]LogConfig: Applying CVar settings from Section [/Script/Engine.GarbageCollectionSettings] File [C:/Users/reyba/Documents/GitHub/ProjetIsland/Unreal/ProjetIsland/Saved/Config/Windows/Engine.ini]
[2022.08.31-12.54.29:915][  0]LogConfig: Setting CVar [[gc.MaxObjectsNotConsideredByGC:1]]
[2022.08.31-12.54.29:915][  0]LogConfig: Setting CVar [[gc.SizeOfPermanentObjectPool:0]]
[2022.08.31-12.54.29:915][  0]LogConfig: Setting CVar [[gc.FlushStreamingOnGC:0]]
[2022.08.31-12.54.29:915][  0]LogConfig: Setting CVar [[gc.NumRetriesBeforeForcingGC:10]]
[2022.08.31-12.54.29:915][  0]LogConfig: Setting CVar [[gc.AllowParallelGC:1]]
[2022.08.31-12.54.29:915][  0]LogConfig: Setting CVar [[gc.TimeBetweenPurgingPendingKillObjects:61.1]]
[2022.08.31-12.54.29:915][  0]LogConfig: Setting CVar [[gc.MaxObjectsInEditor:25165824]]
[2022.08.31-12.54.29:915][  0]LogConfig: Setting CVar [[gc.IncrementalBeginDestroyEnabled:1]]
[2022.08.31-12.54.29:915][  0]LogConfig: Setting CVar [[gc.CreateGCClusters:1]]
[2022.08.31-12.54.29:915][  0]LogConfig: Setting CVar [[gc.MinGCClusterSize:5]]
[2022.08.31-12.54.29:915][  0]LogConfig: Setting CVar [[gc.ActorClusteringEnabled:0]]
[2022.08.31-12.54.29:915][  0]LogConfig: Setting CVar [[gc.BlueprintClusteringEnabled:0]]
[2022.08.31-12.54.29:915][  0]LogConfig: Setting CVar [[gc.UseDisregardForGCOnDedicatedServers:0]]
[2022.08.31-12.54.29:915][  0]LogConfig: Setting CVar [[gc.MultithreadedDestructionEnabled:1]]
[2022.08.31-12.54.29:915][  0]LogConfig: Applying CVar settings from Section [/Script/Engine.NetworkSettings] File [C:/Users/reyba/Documents/GitHub/ProjetIsland/Unreal/ProjetIsland/Saved/Config/Windows/Engine.ini]
[2022.08.31-12.54.29:915][  0]LogConfig: Applying CVar settings from Section [/Script/UnrealEd.CookerSettings] File [C:/Users/reyba/Documents/GitHub/ProjetIsland/Unreal/ProjetIsland/Saved/Config/Windows/Engine.ini]
[2022.08.31-12.54.29:942][  0]LogConfig: Applying CVar settings from Section [ViewDistanceQuality@3] File [C:/Users/reyba/Documents/GitHub/ProjetIsland/Unreal/ProjetIsland/Saved/Config/Windows/Scalability.ini]
[2022.08.31-12.54.29:942][  0]LogConfig: Setting CVar [[r.SkeletalMeshLODBias:0]]
[2022.08.31-12.54.29:942][  0]LogConfig: Setting CVar [[r.ViewDistanceScale:1.0]]
[2022.08.31-12.54.29:942][  0]LogConfig: Applying CVar settings from Section [AntiAliasingQuality@3] File [C:/Users/reyba/Documents/GitHub/ProjetIsland/Unreal/ProjetIsland/Saved/Config/Windows/Scalability.ini]
[2022.08.31-12.54.29:942][  0]LogConfig: Setting CVar [[r.PostProcessAAQuality:4]]
[2022.08.31-12.54.29:942][  0]LogConfig: Applying CVar settings from Section [ShadowQuality@3] File [C:/Users/reyba/Documents/GitHub/ProjetIsland/Unreal/ProjetIsland/Saved/Config/Windows/Scalability.ini]
[2022.08.31-12.54.29:943][  0]LogConfig: Setting CVar [[r.LightFunctionQuality:1]]
[2022.08.31-12.54.29:943][  0]LogConfig: Setting CVar [[r.ShadowQuality:5]]
[2022.08.31-12.54.29:943][  0]LogConfig: Setting CVar [[r.Shadow.CSM.MaxCascades:10]]
[2022.08.31-12.54.29:943][  0]LogConfig: Setting CVar [[r.Shadow.MaxResolution:2048]]
[2022.08.31-12.54.29:943][  0]LogConfig: Setting CVar [[r.Shadow.MaxCSMResolution:2048]]
[2022.08.31-12.54.29:943][  0]LogConfig: Setting CVar [[r.Shadow.RadiusThreshold:0.01]]
[2022.08.31-12.54.29:943][  0]LogConfig: Setting CVar [[r.Shadow.DistanceScale:1.0]]
[2022.08.31-12.54.29:943][  0]LogConfig: Setting CVar [[r.Shadow.CSM.TransitionScale:1.0]]
[2022.08.31-12.54.29:943][  0]LogConfig: Setting CVar [[r.Shadow.PreShadowResolutionFactor:1.0]]
[2022.08.31-12.54.29:943][  0]LogConfig: Setting CVar [[r.DistanceFieldShadowing:1]]
[2022.08.31-12.54.29:943][  0]LogConfig: Setting CVar [[r.DistanceFieldAO:1]]
[2022.08.31-12.54.29:943][  0]LogConfig: Setting CVar [[r.AOQuality:2]]
[2022.08.31-12.54.29:943][  0]LogConfig: Setting CVar [[r.VolumetricFog:1]]
[2022.08.31-12.54.29:943][  0]LogConfig: Setting CVar [[r.VolumetricFog.GridPixelSize:8]]
[2022.08.31-12.54.29:943][  0]LogConfig: Setting CVar [[r.VolumetricFog.GridSizeZ:128]]
[2022.08.31-12.54.29:943][  0]LogConfig: Setting CVar [[r.VolumetricFog.HistoryMissSupersampleCount:4]]
[2022.08.31-12.54.29:943][  0]LogConfig: Setting CVar [[r.LightMaxDrawDistanceScale:1]]
[2022.08.31-12.54.29:943][  0]LogConfig: Setting CVar [[r.CapsuleShadows:1]]
[2022.08.31-12.54.29:943][  0]LogConfig: Applying CVar settings from Section [PostProcessQuality@3] File [C:/Users/reyba/Documents/GitHub/ProjetIsland/Unreal/ProjetIsland/Saved/Config/Windows/Scalability.ini]
[2022.08.31-12.54.29:943][  0]LogConfig: Setting CVar [[r.MotionBlurQuality:4]]
[2022.08.31-12.54.29:943][  0]LogConfig: Setting CVar [[r.AmbientOcclusionMipLevelFactor:0.4]]
[2022.08.31-12.54.29:943][  0]LogConfig: Setting CVar [[r.AmbientOcclusionMaxQuality:100]]
[2022.08.31-12.54.29:943][  0]LogConfig: Setting CVar [[r.AmbientOcclusionLevels:-1]]
[2022.08.31-12.54.29:943][  0]LogConfig: Setting CVar [[r.AmbientOcclusionRadiusScale:1.0]]
[2022.08.31-12.54.29:943][  0]LogConfig: Setting CVar [[r.DepthOfFieldQuality:2]]
[2022.08.31-12.54.29:943][  0]LogConfig: Setting CVar [[r.RenderTargetPoolMin:400]]
[2022.08.31-12.54.29:943][  0]LogConfig: Setting CVar [[r.LensFlareQuality:2]]
[2022.08.31-12.54.29:943][  0]LogConfig: Setting CVar [[r.SceneColorFringeQuality:1]]
[2022.08.31-12.54.29:943][  0]LogConfig: Setting CVar [[r.EyeAdaptationQuality:2]]
[2022.08.31-12.54.29:943][  0]LogConfig: Setting CVar [[r.BloomQuality:5]]
[2022.08.31-12.54.29:943][  0]LogConfig: Setting CVar [[r.FastBlurThreshold:100]]
[2022.08.31-12.54.29:943][  0]LogConfig: Setting CVar [[r.Upscale.Quality:3]]
[2022.08.31-12.54.29:943][  0]LogConfig: Setting CVar [[r.Tonemapper.GrainQuantization:1]]
[2022.08.31-12.54.29:943][  0]LogConfig: Setting CVar [[r.LightShaftQuality:1]]
[2022.08.31-12.54.29:943][  0]LogConfig: Setting CVar [[r.Filter.SizeScale:1]]
[2022.08.31-12.54.29:943][  0]LogConfig: Setting CVar [[r.Tonemapper.Quality:5]]
[2022.08.31-12.54.29:943][  0]LogConfig: Setting CVar [[r.DOF.Gather.AccumulatorQuality:1        ; higher gathering accumulator quality]]
[2022.08.31-12.54.29:943][  0]LogConfig: Setting CVar [[r.DOF.Gather.PostfilterMethod:1          ; Median3x3 postfilering method]]
[2022.08.31-12.54.29:943][  0]LogConfig: Setting CVar [[r.DOF.Gather.EnableBokehSettings:0       ; no bokeh simulation when gathering]]
[2022.08.31-12.54.29:943][  0]LogConfig: Setting CVar [[r.DOF.Gather.RingCount:4                 ; medium number of samples when gathering]]
[2022.08.31-12.54.29:943][  0]LogConfig: Setting CVar [[r.DOF.Scatter.ForegroundCompositing:1    ; additive foreground scattering]]
[2022.08.31-12.54.29:943][  0]LogConfig: Setting CVar [[r.DOF.Scatter.BackgroundCompositing:2    ; additive background scattering]]
[2022.08.31-12.54.29:943][  0]LogConfig: Setting CVar [[r.DOF.Scatter.EnableBokehSettings:1      ; bokeh simulation when scattering]]
[2022.08.31-12.54.29:943][  0]LogConfig: Setting CVar [[r.DOF.Scatter.MaxSpriteRatio:0.1         ; only a maximum of 10% of scattered bokeh]]
[2022.08.31-12.54.29:943][  0]LogConfig: Setting CVar [[r.DOF.Recombine.Quality:1                ; cheap slight out of focus]]
[2022.08.31-12.54.29:943][  0]LogConfig: Setting CVar [[r.DOF.Recombine.EnableBokehSettings:0    ; no bokeh simulation on slight out of focus]]
[2022.08.31-12.54.29:943][  0]LogConfig: Setting CVar [[r.DOF.TemporalAAQuality:1                ; more stable temporal accumulation]]
[2022.08.31-12.54.29:943][  0]LogConfig: Setting CVar [[r.DOF.Kernel.MaxForegroundRadius:0.025]]
[2022.08.31-12.54.29:943][  0]LogConfig: Setting CVar [[r.DOF.Kernel.MaxBackgroundRadius:0.025]]
[2022.08.31-12.54.29:943][  0]LogConfig: Applying CVar settings from Section [TextureQuality@3] File [C:/Users/reyba/Documents/GitHub/ProjetIsland/Unreal/ProjetIsland/Saved/Config/Windows/Scalability.ini]
[2022.08.31-12.54.29:943][  0]LogConfig: Setting CVar [[r.Streaming.MipBias:0]]
[2022.08.31-12.54.29:943][  0]LogConfig: Setting CVar [[r.Streaming.AmortizeCPUToGPUCopy:0]]
[2022.08.31-12.54.29:943][  0]LogConfig: Setting CVar [[r.Streaming.MaxNumTexturesToStreamPerFrame:0]]
[2022.08.31-12.54.29:943][  0]LogConfig: Setting CVar [[r.Streaming.Boost:1]]
[2022.08.31-12.54.29:943][  0]LogConfig: Setting CVar [[r.MaxAnisotropy:8]]
[2022.08.31-12.54.29:943][  0]LogConfig: Setting CVar [[r.VT.MaxAnisotropy:8]]
[2022.08.31-12.54.29:943][  0]LogConfig: Setting CVar [[r.Streaming.LimitPoolSizeToVRAM:0]]
[2022.08.31-12.54.29:943][  0]LogConfig: Setting CVar [[r.Streaming.PoolSize:1000]]
[2022.08.31-12.54.29:943][  0]LogConfig: Setting CVar [[r.Streaming.MaxEffectiveScreenSize:0]]
[2022.08.31-12.54.29:943][  0]LogConfig: Applying CVar settings from Section [EffectsQuality@3] File [C:/Users/reyba/Documents/GitHub/ProjetIsland/Unreal/ProjetIsland/Saved/Config/Windows/Scalability.ini]
[2022.08.31-12.54.29:943][  0]LogConfig: Setting CVar [[r.TranslucencyLightingVolumeDim:64]]
[2022.08.31-12.54.29:943][  0]LogConfig: Setting CVar [[r.RefractionQuality:2]]
[2022.08.31-12.54.29:943][  0]LogConfig: Setting CVar [[r.SSR.Quality:3]]
[2022.08.31-12.54.29:943][  0]LogConfig: Setting CVar [[r.SSR.HalfResSceneColor:0]]
[2022.08.31-12.54.29:943][  0]LogConfig: Setting CVar [[r.SceneColorFormat:4]]
[2022.08.31-12.54.29:943][  0]LogConfig: Setting CVar [[r.DetailMode:2]]
[2022.08.31-12.54.29:943][  0]LogConfig: Setting CVar [[r.TranslucencyVolumeBlur:1]]
[2022.08.31-12.54.29:943][  0]LogConfig: Setting CVar [[r.MaterialQualityLevel:1 ; High quality]]
[2022.08.31-12.54.29:943][  0]LogConfig: Setting CVar [[r.AnisotropicMaterials:1]]
[2022.08.31-12.54.29:943][  0]LogConfig: Setting CVar [[r.SSS.Scale:1]]
[2022.08.31-12.54.29:943][  0]LogConfig: Setting CVar [[r.SSS.SampleSet:2]]
[2022.08.31-12.54.29:943][  0]LogConfig: Setting CVar [[r.SSS.Quality:1]]
[2022.08.31-12.54.29:943][  0]LogConfig: Setting CVar [[r.SSS.HalfRes:0]]
[2022.08.31-12.54.29:943][  0]LogConfig: Setting CVar [[r.SSGI.Quality:3]]
[2022.08.31-12.54.29:944][  0]LogConfig: Setting CVar [[r.EmitterSpawnRateScale:1.0]]
[2022.08.31-12.54.29:944][  0]LogConfig: Setting CVar [[r.ParticleLightQuality:2]]
[2022.08.31-12.54.29:944][  0]LogConfig: Setting CVar [[r.SkyAtmosphere.AerialPerspectiveLUT.FastApplyOnOpaque:1 ; Always have FastSkyLUT 1 in this case to avoid wrong sky]]
[2022.08.31-12.54.29:944][  0]LogConfig: Setting CVar [[r.SkyAtmosphere.AerialPerspectiveLUT.SampleCountMaxPerSlice:4]]
[2022.08.31-12.54.29:944][  0]LogConfig: Setting CVar [[r.SkyAtmosphere.AerialPerspectiveLUT.DepthResolution:16.0]]
[2022.08.31-12.54.29:944][  0]LogConfig: Setting CVar [[r.SkyAtmosphere.FastSkyLUT:1]]
[2022.08.31-12.54.29:944][  0]LogConfig: Setting CVar [[r.SkyAtmosphere.FastSkyLUT.SampleCountMin:4.0]]
[2022.08.31-12.54.29:944][  0]LogConfig: Setting CVar [[r.SkyAtmosphere.FastSkyLUT.SampleCountMax:128.0]]
[2022.08.31-12.54.29:944][  0]LogConfig: Setting CVar [[r.SkyAtmosphere.SampleCountMin:4.0]]
[2022.08.31-12.54.29:944][  0]LogConfig: Setting CVar [[r.SkyAtmosphere.SampleCountMax:128.0]]
[2022.08.31-12.54.29:944][  0]LogConfig: Setting CVar [[r.SkyAtmosphere.TransmittanceLUT.UseSmallFormat:0]]
[2022.08.31-12.54.29:944][  0]LogConfig: Setting CVar [[r.SkyAtmosphere.TransmittanceLUT.SampleCount:10.0]]
[2022.08.31-12.54.29:944][  0]LogConfig: Setting CVar [[r.SkyAtmosphere.MultiScatteringLUT.SampleCount:15.0]]
[2022.08.31-12.54.29:944][  0]LogConfig: Setting CVar [[r.SkyLight.RealTimeReflectionCapture:1]]
[2022.08.31-12.54.29:944][  0]LogConfig: Applying CVar settings from Section [FoliageQuality@3] File [C:/Users/reyba/Documents/GitHub/ProjetIsland/Unreal/ProjetIsland/Saved/Config/Windows/Scalability.ini]
[2022.08.31-12.54.29:944][  0]LogConfig: Setting CVar [[foliage.DensityScale:1.0]]
[2022.08.31-12.54.29:944][  0]LogConfig: Setting CVar [[grass.DensityScale:1.0]]
[2022.08.31-12.54.29:944][  0]LogConfig: Applying CVar settings from Section [ShadingQuality@3] File [C:/Users/reyba/Documents/GitHub/ProjetIsland/Unreal/ProjetIsland/Saved/Config/Windows/Scalability.ini]
[2022.08.31-12.54.29:944][  0]LogConfig: Setting CVar [[r.HairStrands.SkyLighting.IntegrationType:2]]
[2022.08.31-12.54.29:944][  0]LogConfig: Setting CVar [[r.HairStrands.SkyAO.SampleCount:4]]
[2022.08.31-12.54.29:944][  0]LogConfig: Setting CVar [[r.HairStrands.Visibility.MSAA.SamplePerPixel:4]]
[2022.08.31-12.54.29:944][  0]LogInit: Selected Device Profile: [Windows]
[2022.08.31-12.54.29:944][  0]LogInit: Applying CVar settings loaded from the selected device profile: [Windows]
[2022.08.31-12.54.29:944][  0]LogHAL: Display: Platform has ~ 32 GB [34308612096 / 34359738368 / 32], which maps to Largest [LargestMinGB=32, LargerMinGB=12, DefaultMinGB=8, SmallerMinGB=6, SmallestMinGB=0)
[2022.08.31-12.54.29:944][  0]LogInit: Going up to parent DeviceProfile []
[2022.08.31-12.54.29:944][  0]LogConfig: Applying CVar settings from Section [ViewDistanceQuality@3] File [C:/Users/reyba/Documents/GitHub/ProjetIsland/Unreal/ProjetIsland/Saved/Config/Windows/Scalability.ini]
[2022.08.31-12.54.29:944][  0]LogConfig: Setting CVar [[r.SkeletalMeshLODBias:0]]
[2022.08.31-12.54.29:944][  0]LogConfig: Setting CVar [[r.ViewDistanceScale:1.0]]
[2022.08.31-12.54.29:944][  0]LogConfig: Applying CVar settings from Section [AntiAliasingQuality@3] File [C:/Users/reyba/Documents/GitHub/ProjetIsland/Unreal/ProjetIsland/Saved/Config/Windows/Scalability.ini]
[2022.08.31-12.54.29:944][  0]LogConfig: Setting CVar [[r.PostProcessAAQuality:4]]
[2022.08.31-12.54.29:944][  0]LogConfig: Applying CVar settings from Section [ShadowQuality@3] File [C:/Users/reyba/Documents/GitHub/ProjetIsland/Unreal/ProjetIsland/Saved/Config/Windows/Scalability.ini]
[2022.08.31-12.54.29:944][  0]LogConfig: Setting CVar [[r.LightFunctionQuality:1]]
[2022.08.31-12.54.29:944][  0]LogConfig: Setting CVar [[r.ShadowQuality:5]]
[2022.08.31-12.54.29:944][  0]LogConfig: Setting CVar [[r.Shadow.CSM.MaxCascades:10]]
[2022.08.31-12.54.29:944][  0]LogConfig: Setting CVar [[r.Shadow.MaxResolution:2048]]
[2022.08.31-12.54.29:944][  0]LogConfig: Setting CVar [[r.Shadow.MaxCSMResolution:2048]]
[2022.08.31-12.54.29:944][  0]LogConfig: Setting CVar [[r.Shadow.RadiusThreshold:0.01]]
[2022.08.31-12.54.29:944][  0]LogConfig: Setting CVar [[r.Shadow.DistanceScale:1.0]]
[2022.08.31-12.54.29:944][  0]LogConfig: Setting CVar [[r.Shadow.CSM.TransitionScale:1.0]]
[2022.08.31-12.54.29:944][  0]LogConfig: Setting CVar [[r.Shadow.PreShadowResolutionFactor:1.0]]
[2022.08.31-12.54.29:944][  0]LogConfig: Setting CVar [[r.DistanceFieldShadowing:1]]
[2022.08.31-12.54.29:944][  0]LogConfig: Setting CVar [[r.DistanceFieldAO:1]]
[2022.08.31-12.54.29:944][  0]LogConfig: Setting CVar [[r.AOQuality:2]]
[2022.08.31-12.54.29:944][  0]LogConfig: Setting CVar [[r.VolumetricFog:1]]
[2022.08.31-12.54.29:944][  0]LogConfig: Setting CVar [[r.VolumetricFog.GridPixelSize:8]]
[2022.08.31-12.54.29:944][  0]LogConfig: Setting CVar [[r.VolumetricFog.GridSizeZ:128]]
[2022.08.31-12.54.29:944][  0]LogConfig: Setting CVar [[r.VolumetricFog.HistoryMissSupersampleCount:4]]
[2022.08.31-12.54.29:944][  0]LogConfig: Setting CVar [[r.LightMaxDrawDistanceScale:1]]
[2022.08.31-12.54.29:944][  0]LogConfig: Setting CVar [[r.CapsuleShadows:1]]
[2022.08.31-12.54.29:944][  0]LogConfig: Applying CVar settings from Section [PostProcessQuality@3] File [C:/Users/reyba/Documents/GitHub/ProjetIsland/Unreal/ProjetIsland/Saved/Config/Windows/Scalability.ini]
[2022.08.31-12.54.29:944][  0]LogConfig: Setting CVar [[r.MotionBlurQuality:4]]
[2022.08.31-12.54.29:944][  0]LogConfig: Setting CVar [[r.AmbientOcclusionMipLevelFactor:0.4]]
[2022.08.31-12.54.29:944][  0]LogConfig: Setting CVar [[r.AmbientOcclusionMaxQuality:100]]
[2022.08.31-12.54.29:944][  0]LogConfig: Setting CVar [[r.AmbientOcclusionLevels:-1]]
[2022.08.31-12.54.29:944][  0]LogConfig: Setting CVar [[r.AmbientOcclusionRadiusScale:1.0]]
[2022.08.31-12.54.29:944][  0]LogConfig: Setting CVar [[r.DepthOfFieldQuality:2]]
[2022.08.31-12.54.29:944][  0]LogConfig: Setting CVar [[r.RenderTargetPoolMin:400]]
[2022.08.31-12.54.29:944][  0]LogConfig: Setting CVar [[r.LensFlareQuality:2]]
[2022.08.31-12.54.29:944][  0]LogConfig: Setting CVar [[r.SceneColorFringeQuality:1]]
[2022.08.31-12.54.29:944][  0]LogConfig: Setting CVar [[r.EyeAdaptationQuality:2]]
[2022.08.31-12.54.29:944][  0]LogConfig: Setting CVar [[r.BloomQuality:5]]
[2022.08.31-12.54.29:944][  0]LogConfig: Setting CVar [[r.FastBlurThreshold:100]]
[2022.08.31-12.54.29:944][  0]LogConfig: Setting CVar [[r.Upscale.Quality:3]]
[2022.08.31-12.54.29:944][  0]LogConfig: Setting CVar [[r.Tonemapper.GrainQuantization:1]]
[2022.08.31-12.54.29:944][  0]LogConfig: Setting CVar [[r.LightShaftQuality:1]]
[2022.08.31-12.54.29:944][  0]LogConfig: Setting CVar [[r.Filter.SizeScale:1]]
[2022.08.31-12.54.29:944][  0]LogConfig: Setting CVar [[r.Tonemapper.Quality:5]]
[2022.08.31-12.54.29:944][  0]LogConfig: Setting CVar [[r.DOF.Gather.AccumulatorQuality:1        ; higher gathering accumulator quality]]
[2022.08.31-12.54.29:944][  0]LogConfig: Setting CVar [[r.DOF.Gather.PostfilterMethod:1          ; Median3x3 postfilering method]]
[2022.08.31-12.54.29:945][  0]LogConfig: Setting CVar [[r.DOF.Gather.EnableBokehSettings:0       ; no bokeh simulation when gathering]]
[2022.08.31-12.54.29:945][  0]LogConfig: Setting CVar [[r.DOF.Gather.RingCount:4                 ; medium number of samples when gathering]]
[2022.08.31-12.54.29:945][  0]LogConfig: Setting CVar [[r.DOF.Scatter.ForegroundCompositing:1    ; additive foreground scattering]]
[2022.08.31-12.54.29:945][  0]LogConfig: Setting CVar [[r.DOF.Scatter.BackgroundCompositing:2    ; additive background scattering]]
[2022.08.31-12.54.29:945][  0]LogConfig: Setting CVar [[r.DOF.Scatter.EnableBokehSettings:1      ; bokeh simulation when scattering]]
[2022.08.31-12.54.29:945][  0]LogConfig: Setting CVar [[r.DOF.Scatter.MaxSpriteRatio:0.1         ; only a maximum of 10% of scattered bokeh]]
[2022.08.31-12.54.29:945][  0]LogConfig: Setting CVar [[r.DOF.Recombine.Quality:1                ; cheap slight out of focus]]
[2022.08.31-12.54.29:945][  0]LogConfig: Setting CVar [[r.DOF.Recombine.EnableBokehSettings:0    ; no bokeh simulation on slight out of focus]]
[2022.08.31-12.54.29:945][  0]LogConfig: Setting CVar [[r.DOF.TemporalAAQuality:1                ; more stable temporal accumulation]]
[2022.08.31-12.54.29:945][  0]LogConfig: Setting CVar [[r.DOF.Kernel.MaxForegroundRadius:0.025]]
[2022.08.31-12.54.29:945][  0]LogConfig: Setting CVar [[r.DOF.Kernel.MaxBackgroundRadius:0.025]]
[2022.08.31-12.54.29:945][  0]LogConfig: Applying CVar settings from Section [TextureQuality@3] File [C:/Users/reyba/Documents/GitHub/ProjetIsland/Unreal/ProjetIsland/Saved/Config/Windows/Scalability.ini]
[2022.08.31-12.54.29:945][  0]LogConfig: Setting CVar [[r.Streaming.MipBias:0]]
[2022.08.31-12.54.29:945][  0]LogConfig: Setting CVar [[r.Streaming.AmortizeCPUToGPUCopy:0]]
[2022.08.31-12.54.29:945][  0]LogConfig: Setting CVar [[r.Streaming.MaxNumTexturesToStreamPerFrame:0]]
[2022.08.31-12.54.29:945][  0]LogConfig: Setting CVar [[r.Streaming.Boost:1]]
[2022.08.31-12.54.29:945][  0]LogConfig: Setting CVar [[r.MaxAnisotropy:8]]
[2022.08.31-12.54.29:945][  0]LogConfig: Setting CVar [[r.VT.MaxAnisotropy:8]]
[2022.08.31-12.54.29:945][  0]LogConfig: Setting CVar [[r.Streaming.LimitPoolSizeToVRAM:0]]
[2022.08.31-12.54.29:945][  0]LogConfig: Setting CVar [[r.Streaming.PoolSize:1000]]
[2022.08.31-12.54.29:945][  0]LogConfig: Setting CVar [[r.Streaming.MaxEffectiveScreenSize:0]]
[2022.08.31-12.54.29:945][  0]LogConfig: Applying CVar settings from Section [EffectsQuality@3] File [C:/Users/reyba/Documents/GitHub/ProjetIsland/Unreal/ProjetIsland/Saved/Config/Windows/Scalability.ini]
[2022.08.31-12.54.29:945][  0]LogConfig: Setting CVar [[r.TranslucencyLightingVolumeDim:64]]
[2022.08.31-12.54.29:945][  0]LogConfig: Setting CVar [[r.RefractionQuality:2]]
[2022.08.31-12.54.29:945][  0]LogConfig: Setting CVar [[r.SSR.Quality:3]]
[2022.08.31-12.54.29:945][  0]LogConfig: Setting CVar [[r.SSR.HalfResSceneColor:0]]
[2022.08.31-12.54.29:945][  0]LogConfig: Setting CVar [[r.SceneColorFormat:4]]
[2022.08.31-12.54.29:945][  0]LogConfig: Setting CVar [[r.DetailMode:2]]
[2022.08.31-12.54.29:945][  0]LogConfig: Setting CVar [[r.TranslucencyVolumeBlur:1]]
[2022.08.31-12.54.29:945][  0]LogConfig: Setting CVar [[r.MaterialQualityLevel:1 ; High quality]]
[2022.08.31-12.54.29:945][  0]LogConfig: Setting CVar [[r.AnisotropicMaterials:1]]
[2022.08.31-12.54.29:945][  0]LogConfig: Setting CVar [[r.SSS.Scale:1]]
[2022.08.31-12.54.29:945][  0]LogConfig: Setting CVar [[r.SSS.SampleSet:2]]
[2022.08.31-12.54.29:945][  0]LogConfig: Setting CVar [[r.SSS.Quality:1]]
[2022.08.31-12.54.29:945][  0]LogConfig: Setting CVar [[r.SSS.HalfRes:0]]
[2022.08.31-12.54.29:945][  0]LogConfig: Setting CVar [[r.SSGI.Quality:3]]
[2022.08.31-12.54.29:945][  0]LogConfig: Setting CVar [[r.EmitterSpawnRateScale:1.0]]
[2022.08.31-12.54.29:945][  0]LogConfig: Setting CVar [[r.ParticleLightQuality:2]]
[2022.08.31-12.54.29:945][  0]LogConfig: Setting CVar [[r.SkyAtmosphere.AerialPerspectiveLUT.FastApplyOnOpaque:1 ; Always have FastSkyLUT 1 in this case to avoid wrong sky]]
[2022.08.31-12.54.29:945][  0]LogConfig: Setting CVar [[r.SkyAtmosphere.AerialPerspectiveLUT.SampleCountMaxPerSlice:4]]
[2022.08.31-12.54.29:945][  0]LogConfig: Setting CVar [[r.SkyAtmosphere.AerialPerspectiveLUT.DepthResolution:16.0]]
[2022.08.31-12.54.29:945][  0]LogConfig: Setting CVar [[r.SkyAtmosphere.FastSkyLUT:1]]
[2022.08.31-12.54.29:945][  0]LogConfig: Setting CVar [[r.SkyAtmosphere.FastSkyLUT.SampleCountMin:4.0]]
[2022.08.31-12.54.29:945][  0]LogConfig: Setting CVar [[r.SkyAtmosphere.FastSkyLUT.SampleCountMax:128.0]]
[2022.08.31-12.54.29:945][  0]LogConfig: Setting CVar [[r.SkyAtmosphere.SampleCountMin:4.0]]
[2022.08.31-12.54.29:945][  0]LogConfig: Setting CVar [[r.SkyAtmosphere.SampleCountMax:128.0]]
[2022.08.31-12.54.29:945][  0]LogConfig: Setting CVar [[r.SkyAtmosphere.TransmittanceLUT.UseSmallFormat:0]]
[2022.08.31-12.54.29:945][  0]LogConfig: Setting CVar [[r.SkyAtmosphere.TransmittanceLUT.SampleCount:10.0]]
[2022.08.31-12.54.29:945][  0]LogConfig: Setting CVar [[r.SkyAtmosphere.MultiScatteringLUT.SampleCount:15.0]]
[2022.08.31-12.54.29:945][  0]LogConfig: Setting CVar [[r.SkyLight.RealTimeReflectionCapture:1]]
[2022.08.31-12.54.29:945][  0]LogConfig: Applying CVar settings from Section [FoliageQuality@3] File [C:/Users/reyba/Documents/GitHub/ProjetIsland/Unreal/ProjetIsland/Saved/Config/Windows/Scalability.ini]
[2022.08.31-12.54.29:945][  0]LogConfig: Setting CVar [[foliage.DensityScale:1.0]]
[2022.08.31-12.54.29:945][  0]LogConfig: Setting CVar [[grass.DensityScale:1.0]]
[2022.08.31-12.54.29:945][  0]LogConfig: Applying CVar settings from Section [ShadingQuality@3] File [C:/Users/reyba/Documents/GitHub/ProjetIsland/Unreal/ProjetIsland/Saved/Config/Windows/Scalability.ini]
[2022.08.31-12.54.29:945][  0]LogConfig: Setting CVar [[r.HairStrands.SkyLighting.IntegrationType:2]]
[2022.08.31-12.54.29:945][  0]LogConfig: Setting CVar [[r.HairStrands.SkyAO.SampleCount:4]]
[2022.08.31-12.54.29:945][  0]LogConfig: Setting CVar [[r.HairStrands.Visibility.MSAA.SamplePerPixel:4]]
[2022.08.31-12.54.29:945][  0]LogConfig: Applying CVar settings from Section [Startup] File [../../../Engine/Config/ConsoleVariables.ini]
[2022.08.31-12.54.29:945][  0]LogConfig: Setting CVar [[net.UseAdaptiveNetUpdateFrequency:0]]
[2022.08.31-12.54.29:946][  0]LogConfig: Setting CVar [[p.chaos.AllowCreatePhysxBodies:1]]
[2022.08.31-12.54.29:946][  0]LogConfig: Setting CVar [[fx.SkipVectorVMBackendOptimizations:1]]
[2022.08.31-12.54.29:946][  0]LogConfig: Applying CVar settings from Section [ConsoleVariables] File [C:/Users/reyba/Documents/GitHub/ProjetIsland/Unreal/ProjetIsland/Saved/Config/Windows/Engine.ini]
[2022.08.31-12.54.29:946][  0]LogConfig: Applying CVar settings from Section [ConsoleVariables] File [C:/Users/reyba/Documents/GitHub/ProjetIsland/Unreal/ProjetIsland/Saved/Config/Windows/Editor.ini]
[2022.08.31-12.54.29:946][  0]LogInit: Computer: DESKTOP-N1Q1O34
[2022.08.31-12.54.29:946][  0]LogInit: User: reyba
[2022.08.31-12.54.29:946][  0]LogInit: CPU Page size=4096, Cores=6
[2022.08.31-12.54.29:946][  0]LogInit: High frequency timer resolution =10.000000 MHz
[2022.08.31-12.54.29:946][  0]LogMemory: Memory total: Physical=32.0GB (32GB approx)
[2022.08.31-12.54.29:946][  0]LogMemory: Platform Memory Stats for Windows
[2022.08.31-12.54.29:946][  0]LogMemory: Process Physical Memory: 145.53 MB used, 145.54 MB peak
[2022.08.31-12.54.29:946][  0]LogMemory: Process Virtual Memory: 131.70 MB used, 131.70 MB peak
[2022.08.31-12.54.29:946][  0]LogMemory: Physical Memory: 8046.00 MB used,  24673.25 MB free, 32719.24 MB total
[2022.08.31-12.54.29:946][  0]LogMemory: Virtual Memory: 134188352.00 MB used,  29379.87 MB free, 134217728.00 MB total
[2022.08.31-12.54.29:952][  0]LogWindows: WindowsPlatformFeatures enabled
[2022.08.31-12.54.29:996][  0]LogInit: Physics initialised using underlying interface: PhysX
[2022.08.31-12.54.29:997][  0]LogInit: Using OS detected language (fr-FR).
[2022.08.31-12.54.29:997][  0]LogInit: Using OS detected locale (fr-FR).
[2022.08.31-12.54.29:999][  0]LogTextLocalizationManager: No specific localization for 'fr-FR' exists, so the 'fr' localization will be used.
[2022.08.31-12.54.30:000][  0]LogTextLocalizationResource: LocRes '../../../Engine/Content/Localization/Editor/fr/Editor.locres' could not be opened for reading!
[2022.08.31-12.54.30:000][  0]LogTextLocalizationResource: LocRes '../../../Engine/Content/Localization/EditorTutorials/fr/EditorTutorials.locres' could not be opened for reading!
[2022.08.31-12.54.30:000][  0]LogTextLocalizationResource: LocRes '../../../Engine/Content/Localization/Keywords/fr/Keywords.locres' could not be opened for reading!
[2022.08.31-12.54.30:000][  0]LogTextLocalizationResource: LocRes '../../../Engine/Content/Localization/Category/fr/Category.locres' could not be opened for reading!
[2022.08.31-12.54.30:000][  0]LogTextLocalizationResource: LocRes '../../../Engine/Content/Localization/ToolTips/fr/ToolTips.locres' could not be opened for reading!
[2022.08.31-12.54.30:000][  0]LogTextLocalizationResource: LocRes '../../../Engine/Content/Localization/PropertyNames/fr/PropertyNames.locres' could not be opened for reading!
[2022.08.31-12.54.30:000][  0]LogTextLocalizationResource: LocRes '../../../Engine/Content/Localization/Engine/fr/Engine.locres' could not be opened for reading!
[2022.08.31-12.54.30:001][  0]LogInit: Setting process to per monitor DPI aware
[2022.08.31-12.54.30:016][  0]LogWindowsTextInputMethodSystem: Display: IME system deactivated.
[2022.08.31-12.54.30:031][  0]LogSlate: New Slate User Created.  User Index 0, Is Virtual User: 0
[2022.08.31-12.54.30:031][  0]LogSlate: Slate User Registered.  User Index 0, Is Virtual User: 0
[2022.08.31-12.54.30:193][  0]LogD3D11RHI: Loaded GFSDK_Aftermath_Lib.x64.dll
[2022.08.31-12.54.30:196][  0]LogHMD: Failed to initialize OpenVR with code 110
[2022.08.31-12.54.30:196][  0]LogD3D11RHI: D3D11 min allowed feature level: 11_0
[2022.08.31-12.54.30:196][  0]LogD3D11RHI: D3D11 max allowed feature level: 11_0
[2022.08.31-12.54.30:196][  0]LogD3D11RHI: D3D11 adapters:
[2022.08.31-12.54.30:310][  0]LogD3D11RHI:    0. 'NVIDIA GeForce RTX 3070' (Feature Level 11_0)
[2022.08.31-12.54.30:310][  0]LogD3D11RHI:       8043/0/16359 MB DedicatedVideo/DedicatedSystem/SharedSystem, Outputs:2, VendorId:0x10de
[2022.08.31-12.54.30:313][  0]LogD3D11RHI:    1. 'Microsoft Basic Render Driver' (Feature Level 11_0)
[2022.08.31-12.54.30:313][  0]LogD3D11RHI:       0/0/16359 MB DedicatedVideo/DedicatedSystem/SharedSystem, Outputs:0, VendorId:0x1414
[2022.08.31-12.54.30:313][  0]LogD3D11RHI: Chosen D3D11 Adapter:
[2022.08.31-12.54.30:313][  0]LogD3D11RHI:     Description : NVIDIA GeForce RTX 3070
[2022.08.31-12.54.30:313][  0]LogD3D11RHI:     VendorId    : 10de
[2022.08.31-12.54.30:313][  0]LogD3D11RHI:     DeviceId    : 2484
[2022.08.31-12.54.30:313][  0]LogD3D11RHI:     SubSysId    : 404c1458
[2022.08.31-12.54.30:313][  0]LogD3D11RHI:     Revision    : 00a1
[2022.08.31-12.54.30:313][  0]LogD3D11RHI:     DedicatedVideoMemory : 8433696768 bytes
[2022.08.31-12.54.30:313][  0]LogD3D11RHI:     DedicatedSystemMemory : 0 bytes
[2022.08.31-12.54.30:313][  0]LogD3D11RHI:     SharedSystemMemory : 17154306048 bytes
[2022.08.31-12.54.30:313][  0]LogD3D11RHI:     AdapterLuid : 0 65200
[2022.08.31-12.54.30:320][  0]LogD3D11RHI: Creating new Direct3DDevice
[2022.08.31-12.54.30:320][  0]LogD3D11RHI:     GPU DeviceId: 0x2484 (for the marketing name, search the web for "GPU Device Id")
[2022.08.31-12.54.30:320][  0]LogWindows: EnumDisplayDevices:
[2022.08.31-12.54.30:320][  0]LogWindows:    0. 'NVIDIA GeForce RTX 3070' (P:1 D:1)
[2022.08.31-12.54.30:320][  0]LogWindows:    1. 'NVIDIA GeForce RTX 3070' (P:0 D:1)
[2022.08.31-12.54.30:321][  0]LogWindows:    2. 'NVIDIA GeForce RTX 3070' (P:0 D:0)
[2022.08.31-12.54.30:321][  0]LogWindows:    3. 'NVIDIA GeForce RTX 3070' (P:0 D:0)
[2022.08.31-12.54.30:321][  0]LogWindows: DebugString: FoundDriverCount:4 
[2022.08.31-12.54.30:321][  0]LogD3D11RHI:     Adapter Name: NVIDIA GeForce RTX 3070
[2022.08.31-12.54.30:321][  0]LogD3D11RHI:   Driver Version: 512.95 (internal:30.0.15.1295, unified:512.95)
[2022.08.31-12.54.30:321][  0]LogD3D11RHI:      Driver Date: 5-19-2022
[2022.08.31-12.54.30:321][  0]LogRHI: Texture pool is 5630 MB (70% of 8043 MB)
[2022.08.31-12.54.30:321][  0]LogD3D11RHI: Creating D3DDevice using adapter:
[2022.08.31-12.54.30:321][  0]LogD3D11RHI:     Description : NVIDIA GeForce RTX 3070
[2022.08.31-12.54.30:321][  0]LogD3D11RHI:     VendorId    : 10de
[2022.08.31-12.54.30:321][  0]LogD3D11RHI:     DeviceId    : 2484
[2022.08.31-12.54.30:321][  0]LogD3D11RHI:     SubSysId    : 404c1458
[2022.08.31-12.54.30:321][  0]LogD3D11RHI:     Revision    : 00a1
[2022.08.31-12.54.30:321][  0]LogD3D11RHI:     DedicatedVideoMemory : 8433696768 bytes
[2022.08.31-12.54.30:321][  0]LogD3D11RHI:     DedicatedSystemMemory : 0 bytes
[2022.08.31-12.54.30:321][  0]LogD3D11RHI:     SharedSystemMemory : 17154306048 bytes
[2022.08.31-12.54.30:321][  0]LogD3D11RHI:     AdapterLuid : 0 65200
[2022.08.31-12.54.30:385][  0]LogD3D11RHI: RHI has support for 64 bit atomics
[2022.08.31-12.54.30:386][  0]LogD3D11RHI: Async texture creation enabled
[2022.08.31-12.54.30:386][  0]LogD3D11RHI: Array index from any shader is supported
[2022.08.31-12.54.30:420][  0]LogD3D11RHI: GPU Timing Frequency: 1000.000000 (Debug: 2 1)
[2022.08.31-12.54.30:454][  0]LogRHI: GeForceNow SDK initialized: 1
[2022.08.31-12.54.30:761][  0]LogTargetPlatformManager: Display: Loaded TargetPlatform 'AllDesktop'
[2022.08.31-12.54.30:784][  0]LogTargetPlatformManager: Display: Loaded TargetPlatform 'Android'
[2022.08.31-12.54.30:784][  0]LogTargetPlatformManager: Display: Loaded TargetPlatform 'Android_ASTC'
[2022.08.31-12.54.30:784][  0]LogTargetPlatformManager: Display: Loaded TargetPlatform 'Android_DXT'
[2022.08.31-12.54.30:784][  0]LogTargetPlatformManager: Display: Loaded TargetPlatform 'Android_ETC2'
[2022.08.31-12.54.30:784][  0]LogTargetPlatformManager: Display: Loaded TargetPlatform 'AndroidClient'
[2022.08.31-12.54.30:784][  0]LogTargetPlatformManager: Display: Loaded TargetPlatform 'Android_ASTCClient'
[2022.08.31-12.54.30:784][  0]LogTargetPlatformManager: Display: Loaded TargetPlatform 'Android_DXTClient'
[2022.08.31-12.54.30:784][  0]LogTargetPlatformManager: Display: Loaded TargetPlatform 'Android_ETC2Client'
[2022.08.31-12.54.30:784][  0]LogTargetPlatformManager: Display: Loaded TargetPlatform 'Android_Multi'
[2022.08.31-12.54.30:784][  0]LogTargetPlatformManager: Display: Loaded TargetPlatform 'Android_MultiClient'
[2022.08.31-12.54.30:804][  0]LogTargetPlatformManager: Display: Loaded TargetPlatform 'IOSClient'
[2022.08.31-12.54.30:804][  0]LogTargetPlatformManager: Display: Loaded TargetPlatform 'IOS'
[2022.08.31-12.54.30:815][  0]LogTargetPlatformManager: Display: Loaded TargetPlatform 'Linux'
[2022.08.31-12.54.30:819][  0]LogTargetPlatformManager: Display: Loaded TargetPlatform 'LinuxNoEditor'
[2022.08.31-12.54.30:824][  0]LogTargetPlatformManager: Display: Loaded TargetPlatform 'LinuxClient'
[2022.08.31-12.54.30:829][  0]LogTargetPlatformManager: Display: Loaded TargetPlatform 'LinuxServer'
[2022.08.31-12.54.30:839][  0]LogTargetPlatformManager: Display: Loaded TargetPlatform 'LinuxAArch64NoEditor'
[2022.08.31-12.54.30:844][  0]LogTargetPlatformManager: Display: Loaded TargetPlatform 'LinuxAArch64Client'
[2022.08.31-12.54.30:849][  0]LogTargetPlatformManager: Display: Loaded TargetPlatform 'LinuxAArch64Server'
[2022.08.31-12.54.30:875][  0]LogTargetPlatformManager: Display: Loaded TargetPlatform 'Lumin'
[2022.08.31-12.54.30:875][  0]LogTargetPlatformManager: Display: Loaded TargetPlatform 'LuminClient'
[2022.08.31-12.54.30:884][  0]LogTargetPlatformManager: Display: Loaded TargetPlatform 'MacNoEditor'
[2022.08.31-12.54.30:889][  0]LogTargetPlatformManager: Display: Loaded TargetPlatform 'Mac'
[2022.08.31-12.54.30:893][  0]LogTargetPlatformManager: Display: Loaded TargetPlatform 'MacClient'
[2022.08.31-12.54.30:898][  0]LogTargetPlatformManager: Display: Loaded TargetPlatform 'MacServer'
[2022.08.31-12.54.30:909][  0]LogTargetPlatformManager: Display: Loaded TargetPlatform 'TVOSClient'
[2022.08.31-12.54.30:909][  0]LogTargetPlatformManager: Display: Loaded TargetPlatform 'TVOS'
[2022.08.31-12.54.30:919][  0]LogTargetPlatformManager: Display: Loaded TargetPlatform 'WindowsNoEditor'
[2022.08.31-12.54.30:924][  0]LogTargetPlatformManager: Display: Loaded TargetPlatform 'Windows'
[2022.08.31-12.54.30:928][  0]LogTargetPlatformManager: Display: Loaded TargetPlatform 'WindowsClient'
[2022.08.31-12.54.30:933][  0]LogTargetPlatformManager: Display: Loaded TargetPlatform 'WindowsServer'
[2022.08.31-12.54.30:933][  0]LogTargetPlatformManager: Display: Building Assets For Windows
[2022.08.31-12.54.30:941][  0]LogAudioDebug: Display: Lib vorbis DLL was dynamically loaded.
[2022.08.31-12.54.30:979][  0]LogTextureFormatOodle: Display: Oodle Texture 2.9.0 init RDO Off
[2022.08.31-12.54.31:020][  0]LogRendererCore: Ray tracing is disabled. Reason: r.RayTracing=0.
[2022.08.31-12.54.31:020][  0]LogShaderCompilers: Guid format shader working directory is -18 characters bigger than the processId version (C:/Users/reyba/Documents/GitHub/ProjetIsland/Unreal/ProjetIsland/Intermediate/Shaders/WorkingDirectory/6076/).
[2022.08.31-12.54.31:020][  0]LogShaderCompilers: Cleaned the shader compiler working directory 'C:/Users/reyba/AppData/Local/Temp/UnrealShaderWorkingDir/82D7FB3346073547616DD88343FE3F10/'.
[2022.08.31-12.54.31:020][  0]LogXGEController: Cannot use XGE Controller as Incredibuild is not installed on this machine.
[2022.08.31-12.54.31:020][  0]LogShaderCompilers: Cannot use XGE Shader Compiler as Incredibuild is not installed on this machine.
[2022.08.31-12.54.31:020][  0]LogShaderCompilers: Display: Using Local Shader Compiler.
[2022.08.31-12.54.31:820][  0]LogDerivedDataCache: Display: Max Cache Size: 512 MB
[2022.08.31-12.54.31:869][  0]LogDerivedDataCache: Loaded boot cache 0.05s 94MB C:/Users/reyba/AppData/Local/UnrealEngine/4.27/DerivedDataCache/Boot.ddc.
[2022.08.31-12.54.31:869][  0]LogDerivedDataCache: Display: Loaded Boot cache: C:/Users/reyba/AppData/Local/UnrealEngine/4.27/DerivedDataCache/Boot.ddc
[2022.08.31-12.54.31:869][  0]LogDerivedDataCache: FDerivedDataBackendGraph:  Pak pak cache file C:/Users/reyba/Documents/GitHub/ProjetIsland/Unreal/ProjetIsland/DerivedDataCache/DDC.ddp not found, will not use a pak cache.
[2022.08.31-12.54.31:869][  0]LogDerivedDataCache: Unable to find inner node Pak for hierarchical cache Hierarchy.
[2022.08.31-12.54.31:870][  0]LogDerivedDataCache: FDerivedDataBackendGraph:  CompressedPak pak cache file C:/Users/reyba/Documents/GitHub/ProjetIsland/Unreal/ProjetIsland/DerivedDataCache/Compressed.ddp not found, will not use a pak cache.
[2022.08.31-12.54.31:870][  0]LogDerivedDataCache: Unable to find inner node CompressedPak for hierarchical cache Hierarchy.
[2022.08.31-12.54.31:887][  0]LogDerivedDataCache: Display: Pak cache opened for reading ../../../Engine/DerivedDataCache/Compressed.ddp.
[2022.08.31-12.54.31:888][  0]LogDerivedDataCache: FDerivedDataBackendGraph:  EnterprisePak pak cache file ../../../Enterprise/DerivedDataCache/Compressed.ddp not found, will not use a pak cache.
[2022.08.31-12.54.31:888][  0]LogDerivedDataCache: Unable to find inner node EnterprisePak for hierarchical cache Hierarchy.
[2022.08.31-12.54.31:898][  0]LogDerivedDataCache: Speed tests for C:/Users/reyba/AppData/Local/UnrealEngine/Common/DerivedDataCache took 0.01 seconds
[2022.08.31-12.54.31:898][  0]LogDerivedDataCache: Display: Performance to C:/Users/reyba/AppData/Local/UnrealEngine/Common/DerivedDataCache: Latency=0.07ms. RandomReadSpeed=917.67MBs, RandomWriteSpeed=112.37MBs. Assigned SpeedClass 'Local'
[2022.08.31-12.54.31:899][  0]LogDerivedDataCache: Using Local data cache path C:/Users/reyba/AppData/Local/UnrealEngine/Common/DerivedDataCache: Writable
[2022.08.31-12.54.31:899][  0]LogDerivedDataCache: Shared data cache path not found in *engine.ini, will not use an Shared cache.
[2022.08.31-12.54.31:899][  0]LogDerivedDataCache: Unable to find inner node Shared for hierarchical cache Hierarchy.
[2022.08.31-12.54.31:951][  0]LogSlate: Using FreeType 2.10.0
[2022.08.31-12.54.31:951][  0]LogSlate: SlateFontServices - WITH_FREETYPE: 1, WITH_HARFBUZZ: 1
[2022.08.31-12.54.31:974][  0]LogAssetRegistry: FAssetRegistry took 0.0027 seconds to start up
[2022.08.31-12.54.32:272][  0]LogInit: Selected Device Profile: [Windows]
[2022.08.31-12.54.32:272][  0]LogInit: Active device profile: [000001A8D9E78700][000001A8DAC758C0 49] Windows
[2022.08.31-12.54.32:272][  0]LogInit: Profiles: [000001A8D9E78700][000001A8DAC758C0 49] Windows, [000001A8D9E27700][000001A8DAC7DA40 49] WindowsNoEditor, [000001A8D9E7B300][000001A8DAE4FBC0 49] WindowsServer, [000001A8D9E24F00][000001A8DAE521C0 49] WindowsClient, [000001A8D9E7B500][000001A8DAE56340 49] IOS, [000001A8D9E1BF00][000001A8DAE5A4C0 49] iPadAir, [000001A8D9E27B00][000001A8DAE5E640 49] iPadAir2, [000001A8D9D9C500][000001A8DAE62880 49] IPadPro, [000001A8D9D9C600][000001A8DAC788C0 49] iPadAir3, [000001A8D9E18100][000001A8DAE66A00 49] iPadAir4, [000001A8D9D9EC00][000001A8DAE6AB40 49] iPadMini2, [000001A8D9E1A500][000001A8DAE9ACC0 49] iPadMini3, [000001A8D9D9F400][000001A8DAEC6E40 49] iPadMini4, [000001A8D9E18F00][000001A8DAECAFC0 49] iPadMini5, [000001A8D9D9BE00][000001A8DAED3280 49] iPhone6, [000001A8D9D9BF00][000001A8DAECF2C0 49] iPodTouch6, [000001A8D9E7B900][000001A8DAEDB580 49] iPhone7, [000001A8D9E7A100][000001A8DAED75C0 49] iPodTouch7, [000001A8D9D98400][000001A8DAEDF740 49] iPhone5S, [000001A8D9D9FD00][000001A8DAEF38C0 49] iPhone6Plus, [000001A8D9E7B400][000001A8DAEF7A40 49] iPhone6S, [000001A8D9D9E000][000001A8DAEFBBC0 49] iPhone6SPlus, [000001A8D9E78900][000001A8DAEFE1C0 49] iPhone7Plus, [000001A8D9D9CE00][000001A8DAF02340 49] iPhoneSE, [000001A8D9E78200][000001A8DAF064C0 49] iPhone8, [000001A8D9D9E400][000001A8DAF0A640 49] iPhone8Plus, [000001A8D9E79E00][000001A8DAF0E7C0 49] iPhoneX, [000001A8D9D9FE00][000001A8DAF12940 49] iPhoneXS, [000001A8D9E79600][000001A8DAE96A80 49] iPhoneXSMax, [000001A8D9D9E500][000001A8DAF16BC0 49] iPhoneXR, [000001A8D9E7AA00][000001A8DAF1AD00 49] iPhone11, [000001A8D9D9FA00][000001A8DAF22E80 49] iPhone11Pro, [000001A8D9E78F00][000001A8DAF27000 49] iPhone11ProMax, [000001A8D9D9E300][000001A8DAF2B180 49] iPhoneSE2, [000001A8D9E7A700][000001A8DAF2F300 49] iPhone12Mini, [000001A8D9D9C700][000001A8DAF33480 49] iPhone12, [000001A8D9E7B100][000001A8DAF37600 49] iPhone12Pro, [000001A8D9D9F500][000001A8DAF3B780 49] iPhone12ProMax, [000001A8D9E78800][000001A8DAF3F900 49] iPadPro105, [000001A8D9D9DC00][000001A8DAF43A80 49] iPadPro129, [000001A8D9E78300][000001A8DAF47C00 49] iPadPro97, [000001A8D9D9DD00][000001A8DAF4A200 49] iPadPro2_129, [000001A8D9E78C00][000001A8DAF4E380 49] iPad5, [000001A8D9D9F000][000001A8DAF52500 49] iPad6, [000001A8D9E7AC00][000001A8DAF56680 49] iPad7, [000001A8D9D9EE00][000001A8DAF5A800 49] iPad8, [000001A8D9E79800][000001A8DAF5E980 49] iPadPro11, [000001A8D9D9DB00][000001A8DAF62B00 49] iPadPro2_11, [000001A8D9E79500][000001A8DAF1EC40 49] iPadPro3_129, [000001A8D9D9E700][000001A8DAF66D80 49] iPadPro4_129, [000001A8D9E78100][000001A8DAF6AEC0 49] AppleTV, [000001A8D9D9EB00][000001A8DAF73040 49] AppleTV4K, [000001A8D9E79B00][000001A8DAF771C0 49] TVOS, [000001A8D9D9C900][000001A8DAF7B340 49] Mac, [000001A8D9E79700][000001A8DAF7F4C0 49] MacClient, [000001A8D9D9EF00][000001A8DAF83640 49] MacNoEditor, [000001A8D9E78D00][000001A8DAF877C0 49] MacServer, [000001A8D9D9C300][000001A8DAF8B940 49] Linux, [000001A8D9E7AE00][000001A8DAF8FAC0 49] LinuxAArch64, [000001A8D9D9D500][000001A8DAF920C0 49] LinuxNoEditor, [000001A8D9E7A400][000001A8DAF96240 49] LinuxAArch64NoEditor, [000001A8D9D9C200][000001A8DAF9A3C0 49] LinuxClient, [000001A8D9E7AD00][000001A8DAF9E540 49] LinuxAArch64Client, [000001A8D9D9CC00][000001A8DAFA26C0 49] LinuxServer, [000001A8D9E78400][000001A8DAFA6840 49] LinuxAArch64Server, [000001A8D9D9D000][000001A8DAFAA9C0 49] Android, [000001A8D9E1B900][000001A8DAFAEB40 49] Android_Low, [000001A8D9D99B00][000001A8DAFB2CC0 49] Android_Mid, [000001A8D9E1B000][000001A8DAF6EE00 49] Android_High, [000001A8D9D9A300][000001A8DAFB6F40 49] Android_Default, [000001A8D9E1A000][000001A8DAFBB080 49] Android_Adreno4xx, [000001A8D9D98100][000001A8DAFBF1C0 49] Android_Adreno5xx_Low, [000001A8D9E18B00][000001A8DAFC7340 49] Android_Adreno5xx, [000001A8D9D99800][000001A8DAFD94C0 49] Android_Adreno6xx, [000001A8D9E19100][000001A8DB003640 49] Android_Adreno6xx_Vulkan, [000001A8D9D98800][000001A8DB0077C0 49] Android_Mali_T6xx, [000001A8D9E1B600][000001A8DB00B940 49] Android_Mali_T7xx, [000001A8D9D98D00][000001A8DB00FAC0 49] Android_Mali_T8xx, [000001A8D9E1BC00][000001A8DB0120C0 49] Android_Mali_G71, [000001A8D9D99500][000001A8DB016240 49] Android_Mali_G72, [000001A8D9E1BE00][000001A8DB01A3C0 49] Android_Mali_G72_Vulkan, [000001A8D9D9BD00][000001A8DB01E540 49] Android_Mali_G76, [000001A8D9E1BA00][000001A8DB0226C0 49] Android_Mali_G76_Vulkan, [000001A8D9D9B600][000001A8DB026840 49] Android_Mali_G77, [000001A8D9E1A200][000001A8DB02A9C0 49] Android_Mali_G77_Vulkan, [000001A8D9D99200][000001A8DB02EB40 49] Android_Mali_G78, [000001A8D9E18A00][000001A8DB032CC0 49] Android_Mali_G78_Vulkan, [000001A8D9D9B000][000001A8DB036E40 49] Android_Mali_G710, [000001A8D9E19400][000001A8DAFC2F80 49] Android_Mali_G710_Vulkan, [000001A8D9D98700][000001A8DB03B0C0 49] Android_Vulkan_SM5, [000001A8D9E19800][000001A8DB03F200 49] Android_PowerVR_G6xxx, [000001A8D9D98E00][000001A8DB043340 49] Android_PowerVR_GT7xxx, [000001A8D9E18200][000001A8DB04B4C0 49] Android_PowerVR_GE8xxx, [000001A8D9D98600][000001A8DB04F640 49] Android_PowerVR_GM9xxx, [000001A8D9E1A600][000001A8DB0537C0 49] Android_PowerVR_GM9xxx_Vulkan, [000001A8D9D9CF00][000001A8DB057940 49] Android_TegraK1, [000001A8D9E1AA00][000001A8DB05BAC0 49] Android_Unknown_Vulkan, [000001A8D9D9CD00][000001A8DB05E0C0 49] Lumin, [000001A8D9E19200][000001A8DB062240 49] Lumin_Desktop, [000001A8D9D9CB00][000001A8DB0663C0 49] HoloLens, 
[2022.08.31-12.54.32:480][  0]LogMeshReduction: Using QuadricMeshReduction for automatic static mesh reduction
[2022.08.31-12.54.32:480][  0]LogMeshReduction: Using SimplygonMeshReduction for automatic skeletal mesh reduction
[2022.08.31-12.54.32:480][  0]LogMeshReduction: Using ProxyLODMeshReduction for automatic mesh merging
[2022.08.31-12.54.32:480][  0]LogMeshReduction: No distributed automatic mesh merging module available
[2022.08.31-12.54.32:480][  0]LogMeshMerging: No distributed automatic mesh merging module available
[2022.08.31-12.54.32:510][  0]LogNetVersion: ProjetIsland 1.0.0, NetCL: 17155196, EngineNetVer: 17, GameNetVer: 0 (Checksum: 1255599731)
[2022.08.31-12.54.33:127][  0]LogTexture: Default maximum texture size for cubemaps generated from long-lat sources has been changed from 512 to unlimited. In order to preserve old behaiour for '/Engine/MapTemplates/Sky/DaylightAmbientCubemap.DaylightAmbientCubemap', its maximum texture size has been explicitly set to 512.
[2022.08.31-12.54.33:200][  0]LogHMD: PokeAHoleMaterial loaded successfully
[2022.08.31-12.54.33:209][  0]LogUObjectArray: 17178 objects as part of root set at end of initial load.
[2022.08.31-12.54.33:209][  0]LogUObjectAllocator: 4302048 out of 0 bytes used by permanent object pool.
[2022.08.31-12.54.33:209][  0]LogUObjectArray: CloseDisregardForGC: 0/0 objects in disregard for GC pool
[2022.08.31-12.54.33:630][  0]LogNiagaraDebuggerClient: Niagara Debugger Client Initialized | Session: F1E968214867372E0266E1B25CF3C8B6 | Instance: 20B71A5F4146C1D5A86B1FAD0213762E (DESKTOP-N1Q1O34-6076).
[2022.08.31-12.54.33:688][  0]LogTcpMessaging: Initializing TcpMessaging bridge
[2022.08.31-12.54.33:729][  0]LogUdpMessaging: Initializing bridge on interface 0.0.0.0:0 to multicast group 230.0.0.1:6666.
[2022.08.31-12.54.33:971][  0]LogPython: Using Python 3.7.7
[2022.08.31-12.54.34:919][  0]SourceControl: Source control is disabled
[2022.08.31-12.54.34:919][  0]SourceControl: Source control is disabled
[2022.08.31-12.54.34:923][  0]SourceControl: Source control is disabled
[2022.08.31-12.54.34:926][  0]SourceControl: Source control is disabled
[2022.08.31-12.54.34:937][  0]SourceControl: Source control is disabled
[2022.08.31-12.54.34:944][  0]LogUProjectInfo: Found projects:
[2022.08.31-12.54.35:006][  0]LogAndroidPermission: UAndroidPermissionCallbackProxy::GetInstance
[2022.08.31-12.54.35:032][  0]LogAudioCaptureCore: Display: No Audio Capture implementations found. Audio input will be silent.
[2022.08.31-12.54.35:032][  0]LogAudioCaptureCore: Display: No Audio Capture implementations found. Audio input will be silent.
[2022.08.31-12.54.35:356][  0]LogOpenImageDenoise: OIDN starting up
[2022.08.31-12.54.35:383][  0]LogOcInput: OculusInput pre-init called
[2022.08.31-12.54.35:552][  0]LogCollectionManager: Loaded 0 collections in 0.000766 seconds
[2022.08.31-12.54.35:619][  0]LogFileCache: Scanning file cache for directory 'C:/Users/reyba/Documents/GitHub/ProjetIsland/Unreal/ProjetIsland/Saved/Collections/' took 0.00s
[2022.08.31-12.54.35:619][  0]LogFileCache: Scanning file cache for directory 'C:/Users/reyba/Documents/GitHub/ProjetIsland/Unreal/ProjetIsland/Content/Developers/reyba/Collections/' took 0.00s
[2022.08.31-12.54.35:619][  0]LogFileCache: Scanning file cache for directory 'C:/Users/reyba/Documents/GitHub/ProjetIsland/Unreal/ProjetIsland/Content/Collections/' took 0.00s
[2022.08.31-12.54.35:619][  0]LogEngine: Initializing Engine...
[2022.08.31-12.54.35:670][  0]LogHMD: Failed to enumerate extensions. Please check that you have a valid OpenXR runtime installed.
[2022.08.31-12.54.35:670][  0]LogHMD: Failed to initialize OpenVR with code 110
[2022.08.31-12.54.35:670][  0]LogMagicLeap: Warning: VR disabled because ZI is not enabled.  To enable, in the editor, Edit -> Project Settings -> Plugins -> Magic Leap Plugin -> Enable Zero Iteration
[2022.08.31-12.54.35:671][  0]LogStats: UGameplayTagsManager::InitializeManager -  0.000 s
[2022.08.31-12.54.35:793][  0]LogInit: Initializing FReadOnlyCVARCache
[2022.08.31-12.54.35:800][  0]LogAIModule: Creating AISystem for world Untitled
[2022.08.31-12.54.35:801][  0]LogAudio: Display: Initializing Audio Device Manager...
[2022.08.31-12.54.35:804][  0]LogAudio: Display: Loading Default Audio Settings Objects...
[2022.08.31-12.54.35:805][  0]LogAudio: Display: No default SoundConcurrencyObject specified (or failed to load).
[2022.08.31-12.54.35:805][  0]LogAudio: Display: Audio Device Manager Initialized
[2022.08.31-12.54.35:805][  0]LogAudio: Display: Creating Audio Device:                 Id: 1, Scope: Shared, Realtime: True
[2022.08.31-12.54.35:805][  0]LogAudioMixer: Display: Audio Mixer Platform Settings:
[2022.08.31-12.54.35:805][  0]LogAudioMixer: Display: 	Sample Rate:						  48000
[2022.08.31-12.54.35:805][  0]LogAudioMixer: Display: 	Callback Buffer Frame Size Requested: 1024
[2022.08.31-12.54.35:805][  0]LogAudioMixer: Display: 	Callback Buffer Frame Size To Use:	  1024
[2022.08.31-12.54.35:806][  0]LogAudioMixer: Display: 	Number of buffers to queue:			  2
[2022.08.31-12.54.35:806][  0]LogAudioMixer: Display: 	Max Channels (voices):				  32
[2022.08.31-12.54.35:806][  0]LogAudioMixer: Display: 	Number of Async Source Workers:		  0
[2022.08.31-12.54.35:806][  0]LogAudio: Display: AudioDevice MaxSources: 32
[2022.08.31-12.54.35:806][  0]LogAudio: Display: Audio Spatialization Plugin: None (built-in).
[2022.08.31-12.54.35:806][  0]LogAudio: Display: Audio Reverb Plugin: None (built-in).
[2022.08.31-12.54.35:806][  0]LogAudio: Display: Audio Occlusion Plugin: None (built-in).
[2022.08.31-12.54.35:806][  0]LogAudioMixer: Display: Initializing audio mixer.
[2022.08.31-12.54.35:827][  0]LogAudioMixer: Display: 0: FrontLeft
[2022.08.31-12.54.35:827][  0]LogAudioMixer: Display: 1: FrontRight
[2022.08.31-12.54.35:850][  0]LogAudioMixer: Display: Using Audio Device Haut-parleurs (Realtek High Definition Audio)
[2022.08.31-12.54.35:853][  0]LogAudioMixer: Display: Initializing Sound Submixes...
[2022.08.31-12.54.35:855][  0]LogAudioMixer: Display: Creating Master Submix 'MasterSubmixDefault'
[2022.08.31-12.54.35:855][  0]LogAudioMixer: Display: Creating Master Submix 'MasterReverbSubmixDefault'
[2022.08.31-12.54.35:856][  0]LogAudioMixer: Display: Creating Master Submix 'MasterEQSubmixDefault'
[2022.08.31-12.54.35:856][  0]LogAudioMixer: FMixerPlatformXAudio2::StartAudioStream() called
[2022.08.31-12.54.35:856][  0]LogAudioMixer: Display: Output buffers initialized: Frames=1024, Channels=2, Samples=2048
[2022.08.31-12.54.35:857][  0]LogAudioMixer: Display: Starting AudioMixerPlatformInterface::RunInternal()
[2022.08.31-12.54.35:857][  0]LogAudioMixer: Display: FMixerPlatformXAudio2::SubmitBuffer() called for the first time
[2022.08.31-12.54.35:857][  0]LogInit: FAudioDevice initialized.
[2022.08.31-12.54.35:857][  0]LogAudio: Display: Audio Device (ID: 1) registered with world 'Untitled'.
[2022.08.31-12.54.35:857][  0]LogNetVersion: Set ProjectVersion to 1.0.0.0. Version Checksum will be recalculated on next use.
[2022.08.31-12.54.35:947][  0]LogDerivedDataCache: Saved boot cache 0.09s 94MB C:/Users/reyba/AppData/Local/UnrealEngine/4.27/DerivedDataCache/Boot.ddc.
[2022.08.31-12.54.35:949][  0]LogInit: Texture streaming: Enabled
[2022.08.31-12.54.35:963][  0]LogAnalytics: Display: [UEEditor.Rocket.Release] APIServer = https://datarouter.ol.epicgames.com/. AppVersion = 4.27.2-18319896+++UE4+Release-4.27
[2022.08.31-12.54.35:967][  0]LogEngineSessionManager: EngineSessionManager initialized
[2022.08.31-12.54.35:967][  0]LogEditorSessionSummary: Verbose: Initializing EditorSessionSummaryWriter for editor session tracking
[2022.08.31-12.54.35:968][  0]LogEditorSessionSummary: EditorSessionSummaryWriter initialized
[2022.08.31-12.54.35:986][  0]LogInit: Transaction tracking system initialized
[2022.08.31-12.54.36:009][  0]BlueprintLog: New page: Editor Load
[2022.08.31-12.54.36:089][  0]LocalizationService: Localization service is disabled
[2022.08.31-12.54.36:115][  0]TimingProfiler: Initialize
[2022.08.31-12.54.36:116][  0]TimingProfiler: OnSessionChanged
[2022.08.31-12.54.36:116][  0]LoadingProfiler: Initialize
[2022.08.31-12.54.36:116][  0]LoadingProfiler: OnSessionChanged
[2022.08.31-12.54.36:116][  0]NetworkingProfiler: Initialize
[2022.08.31-12.54.36:116][  0]NetworkingProfiler: OnSessionChanged
[2022.08.31-12.54.36:116][  0]MemoryProfiler: Initialize
[2022.08.31-12.54.36:116][  0]MemoryProfiler: OnSessionChanged
[2022.08.31-12.54.36:288][  0]LogCook: Display: CookSettings for Memory: MemoryMaxUsedVirtual 0MiB, MemoryMaxUsedPhysical 16384MiB, MemoryMinFreeVirtual 0MiB, MemoryMinFreePhysical 1024MiB
[2022.08.31-12.54.36:288][  0]LogCook: Display: Mobile HDR setting 1
[2022.08.31-12.54.36:493][  0]LogFileCache: Scanning file cache for directory 'C:/Users/reyba/Documents/GitHub/ProjetIsland/Unreal/ProjetIsland/Content/' took 0.00s
[2022.08.31-12.54.36:653][  0]LogInit: Display: Engine is initialized. Leaving FEngineLoop::Init()
[2022.08.31-12.54.36:657][  0]SourceControl: Source control is disabled
[2022.08.31-12.54.36:657][  0]LogUnrealEdMisc: Loading editor; pre map load, took 7.918
[2022.08.31-12.54.36:657][  0]Cmd: MAP LOAD FILE="C:/Users/reyba/Documents/GitHub/ProjetIsland/Unreal/ProjetIsland/Content/ThirdPersonBP/Maps/ThirdPersonExampleMap.umap" TEMPLATE=0 SHOWPROGRESS=1 FEATURELEVEL=3
[2022.08.31-12.54.36:658][  0]LightingResults: New page: Lighting Build
[2022.08.31-12.54.36:659][  0]LogWorld: UWorld::CleanupWorld for Untitled, bSessionEnded=true, bCleanupResources=true
[2022.08.31-12.54.36:659][  0]LogSlate: InvalidateAllWidgets triggered.  All widgets were invalidated
[2022.08.31-12.54.36:659][  0]MapCheck: New page: Map Check
[2022.08.31-12.54.36:659][  0]LightingResults: New page: Lighting Build
[2022.08.31-12.54.36:663][  0]LogAudio: Display: Audio Device unregistered from world 'None'.
[2022.08.31-12.54.36:666][  0]LogUObjectHash: Compacting FUObjectHashTables data took   0.90ms
[2022.08.31-12.54.36:977][  0]LogAudio: Display: Audio Device (ID: 1) registered with world 'ThirdPersonExampleMap'.
[2022.08.31-12.54.36:978][  0]LogAIModule: Creating AISystem for world ThirdPersonExampleMap
[2022.08.31-12.54.36:994][  0]LogEditorServer: Finished looking for orphan Actors (0.000 secs)
[2022.08.31-12.54.37:001][  0]LogUObjectHash: Compacting FUObjectHashTables data took   1.04ms
[2022.08.31-12.54.37:002][  0]Cmd: MAP CHECKDEP NOCLEARLOG
[2022.08.31-12.54.37:003][  0]MapCheck: Map check complete: 0 Error(s), 0 Warning(s), took 0,218ms to complete.
[2022.08.31-12.54.37:003][  0]LogFileHelpers: Loading map 'ThirdPersonExampleMap' took 0.345
[2022.08.31-12.54.37:004][  0]LogUnrealEdMisc: Total Editor Startup Time, took 8.265
[2022.08.31-12.54.37:157][  0]LogSlate: Updating window title bar state: overlay mode, drag disabled, window buttons hidden, title bar hidden
[2022.08.31-12.54.37:164][  0]LogSlate: Updating window title bar state: overlay mode, drag disabled, window buttons hidden, title bar hidden
[2022.08.31-12.54.37:170][  0]LogSlate: Updating window title bar state: overlay mode, drag disabled, window buttons hidden, title bar hidden
[2022.08.31-12.54.37:177][  0]LogSlate: Updating window title bar state: overlay mode, drag disabled, window buttons hidden, title bar hidden
[2022.08.31-12.54.37:217][  0]LogNativeClassHierarchy: Verbose: Native class hierarchy populated in 0.0110 seconds. Added 3822 classes and 928 folders.
[2022.08.31-12.54.37:222][  0]LogNativeClassHierarchy: Verbose: Native class hierarchy updated for 'WidgetCarousel' in 0.0003 seconds. Added 0 classes and 0 folders.
[2022.08.31-12.54.37:223][  0]LogPakFile: PakFile PrimaryIndexSize=187
[2022.08.31-12.54.37:223][  0]LogPakFile: PakFile PathHashIndexSize=101
[2022.08.31-12.54.37:223][  0]LogPakFile: PakFile FullDirectoryIndexSize=148
[2022.08.31-12.54.37:223][  0]LogShaderLibrary: Display: ShaderCodeLibraryPakFileMountedCallback: PakFile 'F:/Programmes (x86)/UE_4.27/FeaturePacks/FP_FirstPerson.upack' (chunk index -1, root 'root:/') mounted
[2022.08.31-12.54.37:223][  0]LogShaderLibrary: Display: ShaderCodeLibraryPakFileMountedCallback: pending pak file info (ChunkID:-1 Root:root:/ File:F:/Programmes (x86)/UE_4.27/FeaturePacks/FP_FirstPerson.upack)
[2022.08.31-12.54.37:223][  0]LogPakFile: OnPakFileMounted2Time == 0.000060
[2022.08.31-12.54.37:224][  0]LogPakFile: PakFile PrimaryIndexSize=189
[2022.08.31-12.54.37:224][  0]LogPakFile: PakFile PathHashIndexSize=101
[2022.08.31-12.54.37:224][  0]LogPakFile: PakFile FullDirectoryIndexSize=152
[2022.08.31-12.54.37:224][  0]LogShaderLibrary: Display: ShaderCodeLibraryPakFileMountedCallback: PakFile 'F:/Programmes (x86)/UE_4.27/FeaturePacks/FP_FirstPersonBP.upack' (chunk index -1, root 'root:/') mounted
[2022.08.31-12.54.37:224][  0]LogShaderLibrary: Display: ShaderCodeLibraryPakFileMountedCallback: pending pak file info (ChunkID:-1 Root:root:/ File:F:/Programmes (x86)/UE_4.27/FeaturePacks/FP_FirstPersonBP.upack)
[2022.08.31-12.54.37:224][  0]LogPakFile: OnPakFileMounted2Time == 0.000040
[2022.08.31-12.54.37:224][  0]LogPakFile: PakFile PrimaryIndexSize=191
[2022.08.31-12.54.37:224][  0]LogPakFile: PakFile PathHashIndexSize=101
[2022.08.31-12.54.37:224][  0]LogPakFile: PakFile FullDirectoryIndexSize=160
[2022.08.31-12.54.37:224][  0]LogShaderLibrary: Display: ShaderCodeLibraryPakFileMountedCallback: PakFile 'F:/Programmes (x86)/UE_4.27/FeaturePacks/MobileStarterContent.upack' (chunk index -1, root 'root:/') mounted
[2022.08.31-12.54.37:224][  0]LogShaderLibrary: Display: ShaderCodeLibraryPakFileMountedCallback: pending pak file info (ChunkID:-1 Root:root:/ File:F:/Programmes (x86)/UE_4.27/FeaturePacks/MobileStarterContent.upack)
[2022.08.31-12.54.37:224][  0]LogPakFile: OnPakFileMounted2Time == 0.000036
[2022.08.31-12.54.37:225][  0]LogPakFile: PakFile PrimaryIndexSize=185
[2022.08.31-12.54.37:225][  0]LogPakFile: PakFile PathHashIndexSize=101
[2022.08.31-12.54.37:225][  0]LogPakFile: PakFile FullDirectoryIndexSize=148
[2022.08.31-12.54.37:225][  0]LogShaderLibrary: Display: ShaderCodeLibraryPakFileMountedCallback: PakFile 'F:/Programmes (x86)/UE_4.27/FeaturePacks/StarterContent.upack' (chunk index -1, root 'root:/') mounted
[2022.08.31-12.54.37:225][  0]LogShaderLibrary: Display: ShaderCodeLibraryPakFileMountedCallback: pending pak file info (ChunkID:-1 Root:root:/ File:F:/Programmes (x86)/UE_4.27/FeaturePacks/StarterContent.upack)
[2022.08.31-12.54.37:225][  0]LogPakFile: OnPakFileMounted2Time == 0.000038
[2022.08.31-12.54.37:225][  0]LogPakFile: PakFile PrimaryIndexSize=190
[2022.08.31-12.54.37:225][  0]LogPakFile: PakFile PathHashIndexSize=101
[2022.08.31-12.54.37:225][  0]LogPakFile: PakFile FullDirectoryIndexSize=154
[2022.08.31-12.54.37:225][  0]LogShaderLibrary: Display: ShaderCodeLibraryPakFileMountedCallback: PakFile 'F:/Programmes (x86)/UE_4.27/FeaturePacks/TP_2DSideScroller.upack' (chunk index -1, root 'root:/') mounted
[2022.08.31-12.54.37:225][  0]LogShaderLibrary: Display: ShaderCodeLibraryPakFileMountedCallback: pending pak file info (ChunkID:-1 Root:root:/ File:F:/Programmes (x86)/UE_4.27/FeaturePacks/TP_2DSideScroller.upack)
[2022.08.31-12.54.37:225][  0]LogPakFile: OnPakFileMounted2Time == 0.000035
[2022.08.31-12.54.37:226][  0]LogPakFile: PakFile PrimaryIndexSize=192
[2022.08.31-12.54.37:226][  0]LogPakFile: PakFile PathHashIndexSize=101
[2022.08.31-12.54.37:226][  0]LogPakFile: PakFile FullDirectoryIndexSize=158
[2022.08.31-12.54.37:226][  0]LogShaderLibrary: Display: ShaderCodeLibraryPakFileMountedCallback: PakFile 'F:/Programmes (x86)/UE_4.27/FeaturePacks/TP_2DSideScrollerBP.upack' (chunk index -1, root 'root:/') mounted
[2022.08.31-12.54.37:226][  0]LogShaderLibrary: Display: ShaderCodeLibraryPakFileMountedCallback: pending pak file info (ChunkID:-1 Root:root:/ File:F:/Programmes (x86)/UE_4.27/FeaturePacks/TP_2DSideScrollerBP.upack)
[2022.08.31-12.54.37:226][  0]LogPakFile: OnPakFileMounted2Time == 0.000034
[2022.08.31-12.54.37:227][  0]LogPakFile: PakFile PrimaryIndexSize=182
[2022.08.31-12.54.37:227][  0]LogPakFile: PakFile PathHashIndexSize=101
[2022.08.31-12.54.37:227][  0]LogPakFile: PakFile FullDirectoryIndexSize=138
[2022.08.31-12.54.37:227][  0]LogShaderLibrary: Display: ShaderCodeLibraryPakFileMountedCallback: PakFile 'F:/Programmes (x86)/UE_4.27/FeaturePacks/TP_Flying.upack' (chunk index -1, root 'root:/') mounted
[2022.08.31-12.54.37:227][  0]LogShaderLibrary: Display: ShaderCodeLibraryPakFileMountedCallback: pending pak file info (ChunkID:-1 Root:root:/ File:F:/Programmes (x86)/UE_4.27/FeaturePacks/TP_Flying.upack)
[2022.08.31-12.54.37:227][  0]LogPakFile: OnPakFileMounted2Time == 0.000035
[2022.08.31-12.54.37:227][  0]LogPakFile: PakFile PrimaryIndexSize=184
[2022.08.31-12.54.37:227][  0]LogPakFile: PakFile PathHashIndexSize=101
[2022.08.31-12.54.37:227][  0]LogPakFile: PakFile FullDirectoryIndexSize=142
[2022.08.31-12.54.37:227][  0]LogShaderLibrary: Display: ShaderCodeLibraryPakFileMountedCallback: PakFile 'F:/Programmes (x86)/UE_4.27/FeaturePacks/TP_FlyingBP.upack' (chunk index -1, root 'root:/') mounted
[2022.08.31-12.54.37:227][  0]LogShaderLibrary: Display: ShaderCodeLibraryPakFileMountedCallback: pending pak file info (ChunkID:-1 Root:root:/ File:F:/Programmes (x86)/UE_4.27/FeaturePacks/TP_FlyingBP.upack)
[2022.08.31-12.54.37:227][  0]LogPakFile: OnPakFileMounted2Time == 0.000035
[2022.08.31-12.54.37:228][  0]LogPakFile: PakFile PrimaryIndexSize=188
[2022.08.31-12.54.37:228][  0]LogPakFile: PakFile PathHashIndexSize=101
[2022.08.31-12.54.37:228][  0]LogPakFile: PakFile FullDirectoryIndexSize=150
[2022.08.31-12.54.37:228][  0]LogShaderLibrary: Display: ShaderCodeLibraryPakFileMountedCallback: PakFile 'F:/Programmes (x86)/UE_4.27/FeaturePacks/TP_HandheldARBP.upack' (chunk index -1, root 'root:/') mounted
[2022.08.31-12.54.37:228][  0]LogShaderLibrary: Display: ShaderCodeLibraryPakFileMountedCallback: pending pak file info (ChunkID:-1 Root:root:/ File:F:/Programmes (x86)/UE_4.27/FeaturePacks/TP_HandheldARBP.upack)
[2022.08.31-12.54.37:228][  0]LogPakFile: OnPakFileMounted2Time == 0.000035
[2022.08.31-12.54.37:229][  0]LogPakFile: PakFile PrimaryIndexSize=182
[2022.08.31-12.54.37:229][  0]LogPakFile: PakFile PathHashIndexSize=101
[2022.08.31-12.54.37:229][  0]LogPakFile: PakFile FullDirectoryIndexSize=138
[2022.08.31-12.54.37:229][  0]LogShaderLibrary: Display: ShaderCodeLibraryPakFileMountedCallback: PakFile 'F:/Programmes (x86)/UE_4.27/FeaturePacks/TP_Puzzle.upack' (chunk index -1, root 'root:/') mounted
[2022.08.31-12.54.37:229][  0]LogShaderLibrary: Display: ShaderCodeLibraryPakFileMountedCallback: pending pak file info (ChunkID:-1 Root:root:/ File:F:/Programmes (x86)/UE_4.27/FeaturePacks/TP_Puzzle.upack)
[2022.08.31-12.54.37:229][  0]LogPakFile: OnPakFileMounted2Time == 0.000035
[2022.08.31-12.54.37:229][  0]LogPakFile: PakFile PrimaryIndexSize=184
[2022.08.31-12.54.37:229][  0]LogPakFile: PakFile PathHashIndexSize=101
[2022.08.31-12.54.37:229][  0]LogPakFile: PakFile FullDirectoryIndexSize=142
[2022.08.31-12.54.37:229][  0]LogShaderLibrary: Display: ShaderCodeLibraryPakFileMountedCallback: PakFile 'F:/Programmes (x86)/UE_4.27/FeaturePacks/TP_PuzzleBP.upack' (chunk index -1, root 'root:/') mounted
[2022.08.31-12.54.37:229][  0]LogShaderLibrary: Display: ShaderCodeLibraryPakFileMountedCallback: pending pak file info (ChunkID:-1 Root:root:/ File:F:/Programmes (x86)/UE_4.27/FeaturePacks/TP_PuzzleBP.upack)
[2022.08.31-12.54.37:229][  0]LogPakFile: OnPakFileMounted2Time == 0.000034
[2022.08.31-12.54.37:230][  0]LogPakFile: PakFile PrimaryIndexSize=183
[2022.08.31-12.54.37:230][  0]LogPakFile: PakFile PathHashIndexSize=101
[2022.08.31-12.54.37:230][  0]LogPakFile: PakFile FullDirectoryIndexSize=140
[2022.08.31-12.54.37:230][  0]LogShaderLibrary: Display: ShaderCodeLibraryPakFileMountedCallback: PakFile 'F:/Programmes (x86)/UE_4.27/FeaturePacks/TP_Rolling.upack' (chunk index -1, root 'root:/') mounted
[2022.08.31-12.54.37:230][  0]LogShaderLibrary: Display: ShaderCodeLibraryPakFileMountedCallback: pending pak file info (ChunkID:-1 Root:root:/ File:F:/Programmes (x86)/UE_4.27/FeaturePacks/TP_Rolling.upack)
[2022.08.31-12.54.37:230][  0]LogPakFile: OnPakFileMounted2Time == 0.000034
[2022.08.31-12.54.37:230][  0]LogPakFile: PakFile PrimaryIndexSize=185
[2022.08.31-12.54.37:230][  0]LogPakFile: PakFile PathHashIndexSize=101
[2022.08.31-12.54.37:230][  0]LogPakFile: PakFile FullDirectoryIndexSize=144
[2022.08.31-12.54.37:230][  0]LogShaderLibrary: Display: ShaderCodeLibraryPakFileMountedCallback: PakFile 'F:/Programmes (x86)/UE_4.27/FeaturePacks/TP_RollingBP.upack' (chunk index -1, root 'root:/') mounted
[2022.08.31-12.54.37:230][  0]LogShaderLibrary: Display: ShaderCodeLibraryPakFileMountedCallback: pending pak file info (ChunkID:-1 Root:root:/ File:F:/Programmes (x86)/UE_4.27/FeaturePacks/TP_RollingBP.upack)
[2022.08.31-12.54.37:230][  0]LogPakFile: OnPakFileMounted2Time == 0.000034
[2022.08.31-12.54.37:231][  0]LogPakFile: PakFile PrimaryIndexSize=188
[2022.08.31-12.54.37:231][  0]LogPakFile: PakFile PathHashIndexSize=101
[2022.08.31-12.54.37:231][  0]LogPakFile: PakFile FullDirectoryIndexSize=150
[2022.08.31-12.54.37:231][  0]LogShaderLibrary: Display: ShaderCodeLibraryPakFileMountedCallback: PakFile 'F:/Programmes (x86)/UE_4.27/FeaturePacks/TP_SideScroller.upack' (chunk index -1, root 'root:/') mounted
[2022.08.31-12.54.37:231][  0]LogShaderLibrary: Display: ShaderCodeLibraryPakFileMountedCallback: pending pak file info (ChunkID:-1 Root:root:/ File:F:/Programmes (x86)/UE_4.27/FeaturePacks/TP_SideScroller.upack)
[2022.08.31-12.54.37:231][  0]LogPakFile: OnPakFileMounted2Time == 0.000034
[2022.08.31-12.54.37:232][  0]LogPakFile: PakFile PrimaryIndexSize=190
[2022.08.31-12.54.37:232][  0]LogPakFile: PakFile PathHashIndexSize=101
[2022.08.31-12.54.37:232][  0]LogPakFile: PakFile FullDirectoryIndexSize=154
[2022.08.31-12.54.37:232][  0]LogShaderLibrary: Display: ShaderCodeLibraryPakFileMountedCallback: PakFile 'F:/Programmes (x86)/UE_4.27/FeaturePacks/TP_SideScrollerBP.upack' (chunk index -1, root 'root:/') mounted
[2022.08.31-12.54.37:232][  0]LogShaderLibrary: Display: ShaderCodeLibraryPakFileMountedCallback: pending pak file info (ChunkID:-1 Root:root:/ File:F:/Programmes (x86)/UE_4.27/FeaturePacks/TP_SideScrollerBP.upack)
[2022.08.31-12.54.37:232][  0]LogPakFile: OnPakFileMounted2Time == 0.000035
[2022.08.31-12.54.37:232][  0]LogPakFile: PakFile PrimaryIndexSize=187
[2022.08.31-12.54.37:232][  0]LogPakFile: PakFile PathHashIndexSize=101
[2022.08.31-12.54.37:232][  0]LogPakFile: PakFile FullDirectoryIndexSize=148
[2022.08.31-12.54.37:232][  0]LogShaderLibrary: Display: ShaderCodeLibraryPakFileMountedCallback: PakFile 'F:/Programmes (x86)/UE_4.27/FeaturePacks/TP_ThirdPerson.upack' (chunk index -1, root 'root:/') mounted
[2022.08.31-12.54.37:232][  0]LogShaderLibrary: Display: ShaderCodeLibraryPakFileMountedCallback: pending pak file info (ChunkID:-1 Root:root:/ File:F:/Programmes (x86)/UE_4.27/FeaturePacks/TP_ThirdPerson.upack)
[2022.08.31-12.54.37:232][  0]LogPakFile: OnPakFileMounted2Time == 0.000034
[2022.08.31-12.54.37:233][  0]LogPakFile: PakFile PrimaryIndexSize=189
[2022.08.31-12.54.37:233][  0]LogPakFile: PakFile PathHashIndexSize=101
[2022.08.31-12.54.37:233][  0]LogPakFile: PakFile FullDirectoryIndexSize=152
[2022.08.31-12.54.37:233][  0]LogShaderLibrary: Display: ShaderCodeLibraryPakFileMountedCallback: PakFile 'F:/Programmes (x86)/UE_4.27/FeaturePacks/TP_ThirdPersonBP.upack' (chunk index -1, root 'root:/') mounted
[2022.08.31-12.54.37:233][  0]LogShaderLibrary: Display: ShaderCodeLibraryPakFileMountedCallback: pending pak file info (ChunkID:-1 Root:root:/ File:F:/Programmes (x86)/UE_4.27/FeaturePacks/TP_ThirdPersonBP.upack)
[2022.08.31-12.54.37:233][  0]LogPakFile: OnPakFileMounted2Time == 0.000034
[2022.08.31-12.54.37:233][  0]LogPakFile: PakFile PrimaryIndexSize=183
[2022.08.31-12.54.37:233][  0]LogPakFile: PakFile PathHashIndexSize=101
[2022.08.31-12.54.37:233][  0]LogPakFile: PakFile FullDirectoryIndexSize=140
[2022.08.31-12.54.37:233][  0]LogShaderLibrary: Display: ShaderCodeLibraryPakFileMountedCallback: PakFile 'F:/Programmes (x86)/UE_4.27/FeaturePacks/TP_TopDown.upack' (chunk index -1, root 'root:/') mounted
[2022.08.31-12.54.37:233][  0]LogShaderLibrary: Display: ShaderCodeLibraryPakFileMountedCallback: pending pak file info (ChunkID:-1 Root:root:/ File:F:/Programmes (x86)/UE_4.27/FeaturePacks/TP_TopDown.upack)
[2022.08.31-12.54.37:234][  0]LogPakFile: OnPakFileMounted2Time == 0.000041
[2022.08.31-12.54.37:234][  0]LogPakFile: PakFile PrimaryIndexSize=185
[2022.08.31-12.54.37:234][  0]LogPakFile: PakFile PathHashIndexSize=101
[2022.08.31-12.54.37:234][  0]LogPakFile: PakFile FullDirectoryIndexSize=144
[2022.08.31-12.54.37:234][  0]LogShaderLibrary: Display: ShaderCodeLibraryPakFileMountedCallback: PakFile 'F:/Programmes (x86)/UE_4.27/FeaturePacks/TP_TopDownBP.upack' (chunk index -1, root 'root:/') mounted
[2022.08.31-12.54.37:234][  0]LogShaderLibrary: Display: ShaderCodeLibraryPakFileMountedCallback: pending pak file info (ChunkID:-1 Root:root:/ File:F:/Programmes (x86)/UE_4.27/FeaturePacks/TP_TopDownBP.upack)
[2022.08.31-12.54.37:234][  0]LogPakFile: OnPakFileMounted2Time == 0.000034
[2022.08.31-12.54.37:235][  0]LogPakFile: PakFile PrimaryIndexSize=185
[2022.08.31-12.54.37:235][  0]LogPakFile: PakFile PathHashIndexSize=101
[2022.08.31-12.54.37:235][  0]LogPakFile: PakFile FullDirectoryIndexSize=144
[2022.08.31-12.54.37:235][  0]LogShaderLibrary: Display: ShaderCodeLibraryPakFileMountedCallback: PakFile 'F:/Programmes (x86)/UE_4.27/FeaturePacks/TP_TwinStick.upack' (chunk index -1, root 'root:/') mounted
[2022.08.31-12.54.37:235][  0]LogShaderLibrary: Display: ShaderCodeLibraryPakFileMountedCallback: pending pak file info (ChunkID:-1 Root:root:/ File:F:/Programmes (x86)/UE_4.27/FeaturePacks/TP_TwinStick.upack)
[2022.08.31-12.54.37:235][  0]LogPakFile: OnPakFileMounted2Time == 0.000039
[2022.08.31-12.54.37:235][  0]LogPakFile: PakFile PrimaryIndexSize=187
[2022.08.31-12.54.37:235][  0]LogPakFile: PakFile PathHashIndexSize=101
[2022.08.31-12.54.37:235][  0]LogPakFile: PakFile FullDirectoryIndexSize=148
[2022.08.31-12.54.37:235][  0]LogShaderLibrary: Display: ShaderCodeLibraryPakFileMountedCallback: PakFile 'F:/Programmes (x86)/UE_4.27/FeaturePacks/TP_TwinStickBP.upack' (chunk index -1, root 'root:/') mounted
[2022.08.31-12.54.37:235][  0]LogShaderLibrary: Display: ShaderCodeLibraryPakFileMountedCallback: pending pak file info (ChunkID:-1 Root:root:/ File:F:/Programmes (x86)/UE_4.27/FeaturePacks/TP_TwinStickBP.upack)
[2022.08.31-12.54.37:235][  0]LogPakFile: OnPakFileMounted2Time == 0.000034
[2022.08.31-12.54.37:236][  0]LogPakFile: PakFile PrimaryIndexSize=183
[2022.08.31-12.54.37:236][  0]LogPakFile: PakFile PathHashIndexSize=101
[2022.08.31-12.54.37:236][  0]LogPakFile: PakFile FullDirectoryIndexSize=140
[2022.08.31-12.54.37:236][  0]LogShaderLibrary: Display: ShaderCodeLibraryPakFileMountedCallback: PakFile 'F:/Programmes (x86)/UE_4.27/FeaturePacks/TP_Vehicle.upack' (chunk index -1, root 'root:/') mounted
[2022.08.31-12.54.37:236][  0]LogShaderLibrary: Display: ShaderCodeLibraryPakFileMountedCallback: pending pak file info (ChunkID:-1 Root:root:/ File:F:/Programmes (x86)/UE_4.27/FeaturePacks/TP_Vehicle.upack)
[2022.08.31-12.54.37:236][  0]LogPakFile: OnPakFileMounted2Time == 0.000034
[2022.08.31-12.54.37:236][  0]LogPakFile: PakFile PrimaryIndexSize=186
[2022.08.31-12.54.37:236][  0]LogPakFile: PakFile PathHashIndexSize=101
[2022.08.31-12.54.37:236][  0]LogPakFile: PakFile FullDirectoryIndexSize=146
[2022.08.31-12.54.37:236][  0]LogShaderLibrary: Display: ShaderCodeLibraryPakFileMountedCallback: PakFile 'F:/Programmes (x86)/UE_4.27/FeaturePacks/TP_VehicleAdv.upack' (chunk index -1, root 'root:/') mounted
[2022.08.31-12.54.37:236][  0]LogShaderLibrary: Display: ShaderCodeLibraryPakFileMountedCallback: pending pak file info (ChunkID:-1 Root:root:/ File:F:/Programmes (x86)/UE_4.27/FeaturePacks/TP_VehicleAdv.upack)
[2022.08.31-12.54.37:236][  0]LogPakFile: OnPakFileMounted2Time == 0.000035
[2022.08.31-12.54.37:237][  0]LogPakFile: PakFile PrimaryIndexSize=188
[2022.08.31-12.54.37:237][  0]LogPakFile: PakFile PathHashIndexSize=101
[2022.08.31-12.54.37:237][  0]LogPakFile: PakFile FullDirectoryIndexSize=150
[2022.08.31-12.54.37:237][  0]LogShaderLibrary: Display: ShaderCodeLibraryPakFileMountedCallback: PakFile 'F:/Programmes (x86)/UE_4.27/FeaturePacks/TP_VehicleAdvBP.upack' (chunk index -1, root 'root:/') mounted
[2022.08.31-12.54.37:237][  0]LogShaderLibrary: Display: ShaderCodeLibraryPakFileMountedCallback: pending pak file info (ChunkID:-1 Root:root:/ File:F:/Programmes (x86)/UE_4.27/FeaturePacks/TP_VehicleAdvBP.upack)
[2022.08.31-12.54.37:237][  0]LogPakFile: OnPakFileMounted2Time == 0.000037
[2022.08.31-12.54.37:238][  0]LogPakFile: PakFile PrimaryIndexSize=185
[2022.08.31-12.54.37:238][  0]LogPakFile: PakFile PathHashIndexSize=101
[2022.08.31-12.54.37:238][  0]LogPakFile: PakFile FullDirectoryIndexSize=144
[2022.08.31-12.54.37:238][  0]LogShaderLibrary: Display: ShaderCodeLibraryPakFileMountedCallback: PakFile 'F:/Programmes (x86)/UE_4.27/FeaturePacks/TP_VehicleBP.upack' (chunk index -1, root 'root:/') mounted
[2022.08.31-12.54.37:238][  0]LogShaderLibrary: Display: ShaderCodeLibraryPakFileMountedCallback: pending pak file info (ChunkID:-1 Root:root:/ File:F:/Programmes (x86)/UE_4.27/FeaturePacks/TP_VehicleBP.upack)
[2022.08.31-12.54.37:238][  0]LogPakFile: OnPakFileMounted2Time == 0.000034
[2022.08.31-12.54.37:238][  0]LogPakFile: PakFile PrimaryIndexSize=192
[2022.08.31-12.54.37:238][  0]LogPakFile: PakFile PathHashIndexSize=101
[2022.08.31-12.54.37:238][  0]LogPakFile: PakFile FullDirectoryIndexSize=158
[2022.08.31-12.54.37:238][  0]LogShaderLibrary: Display: ShaderCodeLibraryPakFileMountedCallback: PakFile 'F:/Programmes (x86)/UE_4.27/FeaturePacks/TP_VirtualRealityBP.upack' (chunk index -1, root 'root:/') mounted
[2022.08.31-12.54.37:238][  0]LogShaderLibrary: Display: ShaderCodeLibraryPakFileMountedCallback: pending pak file info (ChunkID:-1 Root:root:/ File:F:/Programmes (x86)/UE_4.27/FeaturePacks/TP_VirtualRealityBP.upack)
[2022.08.31-12.54.37:238][  0]LogPakFile: OnPakFileMounted2Time == 0.000034
[2022.08.31-12.54.37:283][  0]LogNativeClassHierarchy: Verbose: Native class hierarchy updated for 'AddContentDialog' in 0.0003 seconds. Added 0 classes and 0 folders.
[2022.08.31-12.54.37:289][  0]LogNativeClassHierarchy: Verbose: Native class hierarchy updated for 'SceneOutliner' in 0.0003 seconds. Added 2 classes and 0 folders.
[2022.08.31-12.54.37:360][  0]LogSlate: Took 0.000189 seconds to synchronously load lazily loaded font '../../../Engine/Content/Slate/Fonts/Roboto-Regular.ttf' (155K)
[2022.08.31-12.54.37:370][  0]LogSlate: Took 0.008642 seconds to synchronously load lazily loaded font '../../../Engine/Content/Editor/Slate/Fonts/FontAwesome.ttf' (139K)
[2022.08.31-12.54.37:372][  0]LogSlate: Took 0.000183 seconds to synchronously load lazily loaded font '../../../Engine/Content/Slate/Fonts/Roboto-Bold.ttf' (160K)
[2022.08.31-12.54.37:509][  0]LogRenderer: Reallocating scene render targets to support 1616x808 Format 10 NumSamples 1 (Frame:1).
[2022.08.31-12.54.37:623][  0]LogNativeClassHierarchy: Verbose: Native class hierarchy updated for 'HierarchicalLODOutliner' in 0.0003 seconds. Added 0 classes and 0 folders.
[2022.08.31-12.54.37:624][  0]LogInput: Warning: Action Jump uses invalid key OculusGo_Left_Trigger_Click.
[2022.08.31-12.54.37:624][  0]LogInput: Warning: Action ResetVR uses invalid key OculusGo_Left_Trackpad_Click.
[2022.08.31-12.54.37:624][  0]LogInput: Warning: Use -RemoveInvalidKeys to remove instances of these keys from the action mapping.
[2022.08.31-12.54.37:624][  0]LogLoad: (Engine Initialization) Total time: 8.88 seconds
[2022.08.31-12.54.37:624][  0]LogLoad: (Engine Initialization) Total Blueprint compile time: 0.00 seconds
[2022.08.31-12.54.37:667][  0]LogAssetRegistry: Asset discovery search completed in 5.6943 seconds
[2022.08.31-12.54.37:672][  0]LogCollectionManager: Fixed up redirectors for 0 collections in 0.000004 seconds (updated 0 objects)
[2022.08.31-12.54.37:676][  0]LogContentStreaming: Texture pool size now 1000 MB
[2022.08.31-12.54.43:653][223]LogUObjectHash: Compacting FUObjectHashTables data took   0.67ms
